12:16:17 **** Build of configuration Build (GNU) for project Homework ****
make all 
Cannot run program "make": Launching failed

Error: Program "make" not found in PATH
PATH=[C:/Program Files/Java/jre1.8.0_131/bin/server;C:/Program Files/Java/jre1.8.0_131/bin;C:/Program Files/Java/jre1.8.0_131/lib/amd64;C:\ProgramData\Oracle\Java\javapath;C:\Windows\system32;C:\Windows;C:\Windows\System32\Wbem;C:\Windows\System32\WindowsPowerShell\v1.0\;C:\Program Files (x86)\Skype\Phone\;C:\Users\DELL\.dnx\bin;C:\Program Files\Microsoft DNX\Dnvm\;C:\Program Files\Microsoft SQL Server\130\Tools\Binn\;C:\Program Files\Intel\WiFi\bin\;C:\Program Files\Common Files\Intel\WirelessCommon\;C:\Program Files (x86)\NVIDIA Corporation\PhysX\Common;C:\Program Files (x86)\Microsoft SQL Server\Client SDK\ODBC\130\Tools\Binn\;C:\Program Files (x86)\Microsoft SQL Server\130\Tools\Binn\;C:\Program Files (x86)\Microsoft SQL Server\130\DTS\Binn\;C:\Program Files (x86)\Microsoft SQL Server\130\Tools\Binn\ManagementStudio\;C:\Users\DELL\AppData\Local\Programs\Python\Python36-32\Scripts\;C:\Users\DELL\AppData\Local\Programs\Python\Python36-32\;C:\Program Files\Intel\WiFi\bin\;C:\Program Files\Common Files\Intel\WirelessCommon\;E:\eclipse;]
12:16:18 **** Build of configuration Default for project ThreadsEx2 ****
make all 
Cannot run program "make": Launching failed

Error: Program "make" not found in PATH
PATH=[C:/Program Files/Java/jre1.8.0_131/bin/server;C:/Program Files/Java/jre1.8.0_131/bin;C:/Program Files/Java/jre1.8.0_131/lib/amd64;C:\ProgramData\Oracle\Java\javapath;C:\Windows\system32;C:\Windows;C:\Windows\System32\Wbem;C:\Windows\System32\WindowsPowerShell\v1.0\;C:\Program Files (x86)\Skype\Phone\;C:\Users\DELL\.dnx\bin;C:\Program Files\Microsoft DNX\Dnvm\;C:\Program Files\Microsoft SQL Server\130\Tools\Binn\;C:\Program Files\Intel\WiFi\bin\;C:\Program Files\Common Files\Intel\WirelessCommon\;C:\Program Files (x86)\NVIDIA Corporation\PhysX\Common;C:\Program Files (x86)\Microsoft SQL Server\Client SDK\ODBC\130\Tools\Binn\;C:\Program Files (x86)\Microsoft SQL Server\130\Tools\Binn\;C:\Program Files (x86)\Microsoft SQL Server\130\DTS\Binn\;C:\Program Files (x86)\Microsoft SQL Server\130\Tools\Binn\ManagementStudio\;C:\Users\DELL\AppData\Local\Programs\Python\Python36-32\Scripts\;C:\Users\DELL\AppData\Local\Programs\Python\Python36-32\;C:\Program Files\Intel\WiFi\bin\;C:\Program Files\Common Files\Intel\WirelessCommon\;E:\eclipse;]
14:53:48 **** Incremental Build of configuration Build (GNU) for project Homework ****
make all 
Cannot run program "make": Launching failed

Error: Program "make" not found in PATH
PATH=[C:/Program Files/Java/jre1.8.0_131/bin/server;C:/Program Files/Java/jre1.8.0_131/bin;C:/Program Files/Java/jre1.8.0_131/lib/amd64;c:\programdata\oracle\java\javapath;c:\windows\system32;c:\windows;c:\windows\system32\wbem;c:\windows\system32\windowspowershell\v1.0\;c:\program files (x86)\skype\phone\;c:\users\dell\.dnx\bin;c:\program files\microsoft dnx\dnvm\;c:\program files\microsoft sql server\130\tools\binn\;c:\program files\intel\wifi\bin\;c:\program files\common files\intel\wirelesscommon\;c:\program files (x86)\microsoft sql server\client sdk\odbc\130\tools\binn\;c:\program files (x86)\microsoft sql server\130\tools\binn\;c:\program files (x86)\microsoft sql server\130\dts\binn\;c:\program files (x86)\microsoft sql server\130\tools\binn\managementstudio\;C:\Program Files (x86)\NVIDIA Corporation\PhysX\Common;C:\Users\DELL\AppData\Local\Programs\Python\Python36-32\Scripts\;C:\Users\DELL\AppData\Local\Programs\Python\Python36-32\;C:\Program Files\Intel\WiFi\bin\;C:\Program Files\Common Files\Intel\WirelessCommon\;E:\eclipse;]
14:53:49 **** Incremental Build of configuration Default for project ThreadsEx2 ****
make all 
Cannot run program "make": Launching failed

Error: Program "make" not found in PATH
PATH=[C:/Program Files/Java/jre1.8.0_131/bin/server;C:/Program Files/Java/jre1.8.0_131/bin;C:/Program Files/Java/jre1.8.0_131/lib/amd64;c:\programdata\oracle\java\javapath;c:\windows\system32;c:\windows;c:\windows\system32\wbem;c:\windows\system32\windowspowershell\v1.0\;c:\program files (x86)\skype\phone\;c:\users\dell\.dnx\bin;c:\program files\microsoft dnx\dnvm\;c:\program files\microsoft sql server\130\tools\binn\;c:\program files\intel\wifi\bin\;c:\program files\common files\intel\wirelesscommon\;c:\program files (x86)\microsoft sql server\client sdk\odbc\130\tools\binn\;c:\program files (x86)\microsoft sql server\130\tools\binn\;c:\program files (x86)\microsoft sql server\130\dts\binn\;c:\program files (x86)\microsoft sql server\130\tools\binn\managementstudio\;C:\Program Files (x86)\NVIDIA Corporation\PhysX\Common;C:\Users\DELL\AppData\Local\Programs\Python\Python36-32\Scripts\;C:\Users\DELL\AppData\Local\Programs\Python\Python36-32\;C:\Program Files\Intel\WiFi\bin\;C:\Program Files\Common Files\Intel\WirelessCommon\;E:\eclipse;]
14:53:51 **** Incremental Build of configuration Build (GNU) for project Homework ****
make all 
Cannot run program "make": Launching failed

Error: Program "make" not found in PATH
PATH=[C:/Program Files/Java/jre1.8.0_131/bin/server;C:/Program Files/Java/jre1.8.0_131/bin;C:/Program Files/Java/jre1.8.0_131/lib/amd64;c:\programdata\oracle\java\javapath;c:\windows\system32;c:\windows;c:\windows\system32\wbem;c:\windows\system32\windowspowershell\v1.0\;c:\program files (x86)\skype\phone\;c:\users\dell\.dnx\bin;c:\program files\microsoft dnx\dnvm\;c:\program files\microsoft sql server\130\tools\binn\;c:\program files\intel\wifi\bin\;c:\program files\common files\intel\wirelesscommon\;c:\program files (x86)\microsoft sql server\client sdk\odbc\130\tools\binn\;c:\program files (x86)\microsoft sql server\130\tools\binn\;c:\program files (x86)\microsoft sql server\130\dts\binn\;c:\program files (x86)\microsoft sql server\130\tools\binn\managementstudio\;C:\Program Files (x86)\NVIDIA Corporation\PhysX\Common;C:\Users\DELL\AppData\Local\Programs\Python\Python36-32\Scripts\;C:\Users\DELL\AppData\Local\Programs\Python\Python36-32\;C:\Program Files\Intel\WiFi\bin\;C:\Program Files\Common Files\Intel\WirelessCommon\;E:\eclipse;]
14:53:51 **** Incremental Build of configuration Default for project ThreadsEx2 ****
make all 
Cannot run program "make": Launching failed

Error: Program "make" not found in PATH
PATH=[C:/Program Files/Java/jre1.8.0_131/bin/server;C:/Program Files/Java/jre1.8.0_131/bin;C:/Program Files/Java/jre1.8.0_131/lib/amd64;c:\programdata\oracle\java\javapath;c:\windows\system32;c:\windows;c:\windows\system32\wbem;c:\windows\system32\windowspowershell\v1.0\;c:\program files (x86)\skype\phone\;c:\users\dell\.dnx\bin;c:\program files\microsoft dnx\dnvm\;c:\program files\microsoft sql server\130\tools\binn\;c:\program files\intel\wifi\bin\;c:\program files\common files\intel\wirelesscommon\;c:\program files (x86)\microsoft sql server\client sdk\odbc\130\tools\binn\;c:\program files (x86)\microsoft sql server\130\tools\binn\;c:\program files (x86)\microsoft sql server\130\dts\binn\;c:\program files (x86)\microsoft sql server\130\tools\binn\managementstudio\;C:\Program Files (x86)\NVIDIA Corporation\PhysX\Common;C:\Users\DELL\AppData\Local\Programs\Python\Python36-32\Scripts\;C:\Users\DELL\AppData\Local\Programs\Python\Python36-32\;C:\Program Files\Intel\WiFi\bin\;C:\Program Files\Common Files\Intel\WirelessCommon\;E:\eclipse;]
14:54:02 **** Incremental Build of configuration Build (GNU) for project Homework ****
make all 
Cannot run program "make": Launching failed

Error: Program "make" not found in PATH
PATH=[C:/Program Files/Java/jre1.8.0_131/bin/server;C:/Program Files/Java/jre1.8.0_131/bin;C:/Program Files/Java/jre1.8.0_131/lib/amd64;c:\programdata\oracle\java\javapath;c:\windows\system32;c:\windows;c:\windows\system32\wbem;c:\windows\system32\windowspowershell\v1.0\;c:\program files (x86)\skype\phone\;c:\users\dell\.dnx\bin;c:\program files\microsoft dnx\dnvm\;c:\program files\microsoft sql server\130\tools\binn\;c:\program files\intel\wifi\bin\;c:\program files\common files\intel\wirelesscommon\;c:\program files (x86)\microsoft sql server\client sdk\odbc\130\tools\binn\;c:\program files (x86)\microsoft sql server\130\tools\binn\;c:\program files (x86)\microsoft sql server\130\dts\binn\;c:\program files (x86)\microsoft sql server\130\tools\binn\managementstudio\;C:\Program Files (x86)\NVIDIA Corporation\PhysX\Common;C:\Users\DELL\AppData\Local\Programs\Python\Python36-32\Scripts\;C:\Users\DELL\AppData\Local\Programs\Python\Python36-32\;C:\Program Files\Intel\WiFi\bin\;C:\Program Files\Common Files\Intel\WirelessCommon\;E:\eclipse;]
14:54:03 **** Incremental Build of configuration Default for project ThreadsEx2 ****
make all 
Cannot run program "make": Launching failed

Error: Program "make" not found in PATH
PATH=[C:/Program Files/Java/jre1.8.0_131/bin/server;C:/Program Files/Java/jre1.8.0_131/bin;C:/Program Files/Java/jre1.8.0_131/lib/amd64;c:\programdata\oracle\java\javapath;c:\windows\system32;c:\windows;c:\windows\system32\wbem;c:\windows\system32\windowspowershell\v1.0\;c:\program files (x86)\skype\phone\;c:\users\dell\.dnx\bin;c:\program files\microsoft dnx\dnvm\;c:\program files\microsoft sql server\130\tools\binn\;c:\program files\intel\wifi\bin\;c:\program files\common files\intel\wirelesscommon\;c:\program files (x86)\microsoft sql server\client sdk\odbc\130\tools\binn\;c:\program files (x86)\microsoft sql server\130\tools\binn\;c:\program files (x86)\microsoft sql server\130\dts\binn\;c:\program files (x86)\microsoft sql server\130\tools\binn\managementstudio\;C:\Program Files (x86)\NVIDIA Corporation\PhysX\Common;C:\Users\DELL\AppData\Local\Programs\Python\Python36-32\Scripts\;C:\Users\DELL\AppData\Local\Programs\Python\Python36-32\;C:\Program Files\Intel\WiFi\bin\;C:\Program Files\Common Files\Intel\WirelessCommon\;E:\eclipse;]
14:54:46 **** Incremental Build of configuration Build (GNU) for project Homework ****
make all 
Cannot run program "make": Launching failed

Error: Program "make" not found in PATH
PATH=[C:/Program Files/Java/jre1.8.0_131/bin/server;C:/Program Files/Java/jre1.8.0_131/bin;C:/Program Files/Java/jre1.8.0_131/lib/amd64;c:\programdata\oracle\java\javapath;c:\windows\system32;c:\windows;c:\windows\system32\wbem;c:\windows\system32\windowspowershell\v1.0\;c:\program files (x86)\skype\phone\;c:\users\dell\.dnx\bin;c:\program files\microsoft dnx\dnvm\;c:\program files\microsoft sql server\130\tools\binn\;c:\program files\intel\wifi\bin\;c:\program files\common files\intel\wirelesscommon\;c:\program files (x86)\microsoft sql server\client sdk\odbc\130\tools\binn\;c:\program files (x86)\microsoft sql server\130\tools\binn\;c:\program files (x86)\microsoft sql server\130\dts\binn\;c:\program files (x86)\microsoft sql server\130\tools\binn\managementstudio\;C:\Program Files (x86)\NVIDIA Corporation\PhysX\Common;C:\Users\DELL\AppData\Local\Programs\Python\Python36-32\Scripts\;C:\Users\DELL\AppData\Local\Programs\Python\Python36-32\;C:\Program Files\Intel\WiFi\bin\;C:\Program Files\Common Files\Intel\WirelessCommon\;E:\eclipse;]
14:54:46 **** Incremental Build of configuration Default for project ThreadsEx2 ****
make all 
Cannot run program "make": Launching failed

Error: Program "make" not found in PATH
PATH=[C:/Program Files/Java/jre1.8.0_131/bin/server;C:/Program Files/Java/jre1.8.0_131/bin;C:/Program Files/Java/jre1.8.0_131/lib/amd64;c:\programdata\oracle\java\javapath;c:\windows\system32;c:\windows;c:\windows\system32\wbem;c:\windows\system32\windowspowershell\v1.0\;c:\program files (x86)\skype\phone\;c:\users\dell\.dnx\bin;c:\program files\microsoft dnx\dnvm\;c:\program files\microsoft sql server\130\tools\binn\;c:\program files\intel\wifi\bin\;c:\program files\common files\intel\wirelesscommon\;c:\program files (x86)\microsoft sql server\client sdk\odbc\130\tools\binn\;c:\program files (x86)\microsoft sql server\130\tools\binn\;c:\program files (x86)\microsoft sql server\130\dts\binn\;c:\program files (x86)\microsoft sql server\130\tools\binn\managementstudio\;C:\Program Files (x86)\NVIDIA Corporation\PhysX\Common;C:\Users\DELL\AppData\Local\Programs\Python\Python36-32\Scripts\;C:\Users\DELL\AppData\Local\Programs\Python\Python36-32\;C:\Program Files\Intel\WiFi\bin\;C:\Program Files\Common Files\Intel\WirelessCommon\;E:\eclipse;]
14:56:26 **** Incremental Build of configuration Build (GNU) for project Homework ****
make all 
Cannot run program "make": Launching failed

Error: Program "make" not found in PATH
PATH=[C:/Program Files/Java/jre1.8.0_131/bin/server;C:/Program Files/Java/jre1.8.0_131/bin;C:/Program Files/Java/jre1.8.0_131/lib/amd64;c:\programdata\oracle\java\javapath;c:\windows\system32;c:\windows;c:\windows\system32\wbem;c:\windows\system32\windowspowershell\v1.0\;c:\program files (x86)\skype\phone\;c:\users\dell\.dnx\bin;c:\program files\microsoft dnx\dnvm\;c:\program files\microsoft sql server\130\tools\binn\;c:\program files\intel\wifi\bin\;c:\program files\common files\intel\wirelesscommon\;c:\program files (x86)\microsoft sql server\client sdk\odbc\130\tools\binn\;c:\program files (x86)\microsoft sql server\130\tools\binn\;c:\program files (x86)\microsoft sql server\130\dts\binn\;c:\program files (x86)\microsoft sql server\130\tools\binn\managementstudio\;C:\Program Files (x86)\NVIDIA Corporation\PhysX\Common;C:\Users\DELL\AppData\Local\Programs\Python\Python36-32\Scripts\;C:\Users\DELL\AppData\Local\Programs\Python\Python36-32\;C:\Program Files\Intel\WiFi\bin\;C:\Program Files\Common Files\Intel\WirelessCommon\;E:\eclipse;]
14:56:27 **** Incremental Build of configuration Default for project ThreadsEx2 ****
make all 
Cannot run program "make": Launching failed

Error: Program "make" not found in PATH
PATH=[C:/Program Files/Java/jre1.8.0_131/bin/server;C:/Program Files/Java/jre1.8.0_131/bin;C:/Program Files/Java/jre1.8.0_131/lib/amd64;c:\programdata\oracle\java\javapath;c:\windows\system32;c:\windows;c:\windows\system32\wbem;c:\windows\system32\windowspowershell\v1.0\;c:\program files (x86)\skype\phone\;c:\users\dell\.dnx\bin;c:\program files\microsoft dnx\dnvm\;c:\program files\microsoft sql server\130\tools\binn\;c:\program files\intel\wifi\bin\;c:\program files\common files\intel\wirelesscommon\;c:\program files (x86)\microsoft sql server\client sdk\odbc\130\tools\binn\;c:\program files (x86)\microsoft sql server\130\tools\binn\;c:\program files (x86)\microsoft sql server\130\dts\binn\;c:\program files (x86)\microsoft sql server\130\tools\binn\managementstudio\;C:\Program Files (x86)\NVIDIA Corporation\PhysX\Common;C:\Users\DELL\AppData\Local\Programs\Python\Python36-32\Scripts\;C:\Users\DELL\AppData\Local\Programs\Python\Python36-32\;C:\Program Files\Intel\WiFi\bin\;C:\Program Files\Common Files\Intel\WirelessCommon\;E:\eclipse;]
15:11:06 **** Incremental Build of configuration Build (GNU) for project Homework ****
make all 
Cannot run program "make": Launching failed

Error: Program "make" not found in PATH
PATH=[C:/Program Files/Java/jre1.8.0_131/bin/server;C:/Program Files/Java/jre1.8.0_131/bin;C:/Program Files/Java/jre1.8.0_131/lib/amd64;c:\programdata\oracle\java\javapath;c:\windows\system32;c:\windows;c:\windows\system32\wbem;c:\windows\system32\windowspowershell\v1.0\;c:\program files (x86)\skype\phone\;c:\users\dell\.dnx\bin;c:\program files\microsoft dnx\dnvm\;c:\program files\microsoft sql server\130\tools\binn\;c:\program files\intel\wifi\bin\;c:\program files\common files\intel\wirelesscommon\;c:\program files (x86)\microsoft sql server\client sdk\odbc\130\tools\binn\;c:\program files (x86)\microsoft sql server\130\tools\binn\;c:\program files (x86)\microsoft sql server\130\dts\binn\;c:\program files (x86)\microsoft sql server\130\tools\binn\managementstudio\;C:\Program Files (x86)\NVIDIA Corporation\PhysX\Common;C:\Users\DELL\AppData\Local\Programs\Python\Python36-32\Scripts\;C:\Users\DELL\AppData\Local\Programs\Python\Python36-32\;C:\Program Files\Intel\WiFi\bin\;C:\Program Files\Common Files\Intel\WirelessCommon\;E:\eclipse;]
15:11:06 **** Incremental Build of configuration Default for project ThreadsEx2 ****
make all 
Cannot run program "make": Launching failed

Error: Program "make" not found in PATH
PATH=[C:/Program Files/Java/jre1.8.0_131/bin/server;C:/Program Files/Java/jre1.8.0_131/bin;C:/Program Files/Java/jre1.8.0_131/lib/amd64;c:\programdata\oracle\java\javapath;c:\windows\system32;c:\windows;c:\windows\system32\wbem;c:\windows\system32\windowspowershell\v1.0\;c:\program files (x86)\skype\phone\;c:\users\dell\.dnx\bin;c:\program files\microsoft dnx\dnvm\;c:\program files\microsoft sql server\130\tools\binn\;c:\program files\intel\wifi\bin\;c:\program files\common files\intel\wirelesscommon\;c:\program files (x86)\microsoft sql server\client sdk\odbc\130\tools\binn\;c:\program files (x86)\microsoft sql server\130\tools\binn\;c:\program files (x86)\microsoft sql server\130\dts\binn\;c:\program files (x86)\microsoft sql server\130\tools\binn\managementstudio\;C:\Program Files (x86)\NVIDIA Corporation\PhysX\Common;C:\Users\DELL\AppData\Local\Programs\Python\Python36-32\Scripts\;C:\Users\DELL\AppData\Local\Programs\Python\Python36-32\;C:\Program Files\Intel\WiFi\bin\;C:\Program Files\Common Files\Intel\WirelessCommon\;E:\eclipse;]
15:23:26 **** Incremental Build of configuration Build (GNU) for project Homework ****
make all 
Cannot run program "make": Launching failed

Error: Program "make" not found in PATH
PATH=[C:/Program Files/Java/jre1.8.0_131/bin/server;C:/Program Files/Java/jre1.8.0_131/bin;C:/Program Files/Java/jre1.8.0_131/lib/amd64;c:\programdata\oracle\java\javapath;c:\windows\system32;c:\windows;c:\windows\system32\wbem;c:\windows\system32\windowspowershell\v1.0\;c:\program files (x86)\skype\phone\;c:\users\dell\.dnx\bin;c:\program files\microsoft dnx\dnvm\;c:\program files\microsoft sql server\130\tools\binn\;c:\program files\intel\wifi\bin\;c:\program files\common files\intel\wirelesscommon\;c:\program files (x86)\microsoft sql server\client sdk\odbc\130\tools\binn\;c:\program files (x86)\microsoft sql server\130\tools\binn\;c:\program files (x86)\microsoft sql server\130\dts\binn\;c:\program files (x86)\microsoft sql server\130\tools\binn\managementstudio\;C:\Program Files (x86)\NVIDIA Corporation\PhysX\Common;C:\Users\DELL\AppData\Local\Programs\Python\Python36-32\Scripts\;C:\Users\DELL\AppData\Local\Programs\Python\Python36-32\;C:\Program Files\Intel\WiFi\bin\;C:\Program Files\Common Files\Intel\WirelessCommon\;E:\eclipse;]
15:23:27 **** Incremental Build of configuration Default for project ThreadsEx2 ****
make all 
Cannot run program "make": Launching failed

Error: Program "make" not found in PATH
PATH=[C:/Program Files/Java/jre1.8.0_131/bin/server;C:/Program Files/Java/jre1.8.0_131/bin;C:/Program Files/Java/jre1.8.0_131/lib/amd64;c:\programdata\oracle\java\javapath;c:\windows\system32;c:\windows;c:\windows\system32\wbem;c:\windows\system32\windowspowershell\v1.0\;c:\program files (x86)\skype\phone\;c:\users\dell\.dnx\bin;c:\program files\microsoft dnx\dnvm\;c:\program files\microsoft sql server\130\tools\binn\;c:\program files\intel\wifi\bin\;c:\program files\common files\intel\wirelesscommon\;c:\program files (x86)\microsoft sql server\client sdk\odbc\130\tools\binn\;c:\program files (x86)\microsoft sql server\130\tools\binn\;c:\program files (x86)\microsoft sql server\130\dts\binn\;c:\program files (x86)\microsoft sql server\130\tools\binn\managementstudio\;C:\Program Files (x86)\NVIDIA Corporation\PhysX\Common;C:\Users\DELL\AppData\Local\Programs\Python\Python36-32\Scripts\;C:\Users\DELL\AppData\Local\Programs\Python\Python36-32\;C:\Program Files\Intel\WiFi\bin\;C:\Program Files\Common Files\Intel\WirelessCommon\;E:\eclipse;]
15:28:20 **** Incremental Build of configuration Build (GNU) for project Homework ****
make all 
Cannot run program "make": Launching failed

Error: Program "make" not found in PATH
PATH=[C:/Program Files/Java/jre1.8.0_131/bin/server;C:/Program Files/Java/jre1.8.0_131/bin;C:/Program Files/Java/jre1.8.0_131/lib/amd64;c:\programdata\oracle\java\javapath;c:\windows\system32;c:\windows;c:\windows\system32\wbem;c:\windows\system32\windowspowershell\v1.0\;c:\program files (x86)\skype\phone\;c:\users\dell\.dnx\bin;c:\program files\microsoft dnx\dnvm\;c:\program files\microsoft sql server\130\tools\binn\;c:\program files\intel\wifi\bin\;c:\program files\common files\intel\wirelesscommon\;c:\program files (x86)\microsoft sql server\client sdk\odbc\130\tools\binn\;c:\program files (x86)\microsoft sql server\130\tools\binn\;c:\program files (x86)\microsoft sql server\130\dts\binn\;c:\program files (x86)\microsoft sql server\130\tools\binn\managementstudio\;C:\Program Files (x86)\NVIDIA Corporation\PhysX\Common;C:\Users\DELL\AppData\Local\Programs\Python\Python36-32\Scripts\;C:\Users\DELL\AppData\Local\Programs\Python\Python36-32\;C:\Program Files\Intel\WiFi\bin\;C:\Program Files\Common Files\Intel\WirelessCommon\;E:\eclipse;]
15:28:21 **** Incremental Build of configuration Default for project ThreadsEx2 ****
make all 
Cannot run program "make": Launching failed

Error: Program "make" not found in PATH
PATH=[C:/Program Files/Java/jre1.8.0_131/bin/server;C:/Program Files/Java/jre1.8.0_131/bin;C:/Program Files/Java/jre1.8.0_131/lib/amd64;c:\programdata\oracle\java\javapath;c:\windows\system32;c:\windows;c:\windows\system32\wbem;c:\windows\system32\windowspowershell\v1.0\;c:\program files (x86)\skype\phone\;c:\users\dell\.dnx\bin;c:\program files\microsoft dnx\dnvm\;c:\program files\microsoft sql server\130\tools\binn\;c:\program files\intel\wifi\bin\;c:\program files\common files\intel\wirelesscommon\;c:\program files (x86)\microsoft sql server\client sdk\odbc\130\tools\binn\;c:\program files (x86)\microsoft sql server\130\tools\binn\;c:\program files (x86)\microsoft sql server\130\dts\binn\;c:\program files (x86)\microsoft sql server\130\tools\binn\managementstudio\;C:\Program Files (x86)\NVIDIA Corporation\PhysX\Common;C:\Users\DELL\AppData\Local\Programs\Python\Python36-32\Scripts\;C:\Users\DELL\AppData\Local\Programs\Python\Python36-32\;C:\Program Files\Intel\WiFi\bin\;C:\Program Files\Common Files\Intel\WirelessCommon\;E:\eclipse;]
15:37:04 **** Incremental Build of configuration Build (GNU) for project Homework ****
make all 
Cannot run program "make": Launching failed

Error: Program "make" not found in PATH
PATH=[C:/Program Files/Java/jre1.8.0_131/bin/server;C:/Program Files/Java/jre1.8.0_131/bin;C:/Program Files/Java/jre1.8.0_131/lib/amd64;c:\programdata\oracle\java\javapath;c:\windows\system32;c:\windows;c:\windows\system32\wbem;c:\windows\system32\windowspowershell\v1.0\;c:\program files (x86)\skype\phone\;c:\users\dell\.dnx\bin;c:\program files\microsoft dnx\dnvm\;c:\program files\microsoft sql server\130\tools\binn\;c:\program files\intel\wifi\bin\;c:\program files\common files\intel\wirelesscommon\;c:\program files (x86)\microsoft sql server\client sdk\odbc\130\tools\binn\;c:\program files (x86)\microsoft sql server\130\tools\binn\;c:\program files (x86)\microsoft sql server\130\dts\binn\;c:\program files (x86)\microsoft sql server\130\tools\binn\managementstudio\;C:\Program Files (x86)\NVIDIA Corporation\PhysX\Common;C:\Users\DELL\AppData\Local\Programs\Python\Python36-32\Scripts\;C:\Users\DELL\AppData\Local\Programs\Python\Python36-32\;C:\Program Files\Intel\WiFi\bin\;C:\Program Files\Common Files\Intel\WirelessCommon\;E:\eclipse;]
15:37:04 **** Incremental Build of configuration Default for project ThreadsEx2 ****
make all 
Cannot run program "make": Launching failed

Error: Program "make" not found in PATH
PATH=[C:/Program Files/Java/jre1.8.0_131/bin/server;C:/Program Files/Java/jre1.8.0_131/bin;C:/Program Files/Java/jre1.8.0_131/lib/amd64;c:\programdata\oracle\java\javapath;c:\windows\system32;c:\windows;c:\windows\system32\wbem;c:\windows\system32\windowspowershell\v1.0\;c:\program files (x86)\skype\phone\;c:\users\dell\.dnx\bin;c:\program files\microsoft dnx\dnvm\;c:\program files\microsoft sql server\130\tools\binn\;c:\program files\intel\wifi\bin\;c:\program files\common files\intel\wirelesscommon\;c:\program files (x86)\microsoft sql server\client sdk\odbc\130\tools\binn\;c:\program files (x86)\microsoft sql server\130\tools\binn\;c:\program files (x86)\microsoft sql server\130\dts\binn\;c:\program files (x86)\microsoft sql server\130\tools\binn\managementstudio\;C:\Program Files (x86)\NVIDIA Corporation\PhysX\Common;C:\Users\DELL\AppData\Local\Programs\Python\Python36-32\Scripts\;C:\Users\DELL\AppData\Local\Programs\Python\Python36-32\;C:\Program Files\Intel\WiFi\bin\;C:\Program Files\Common Files\Intel\WirelessCommon\;E:\eclipse;]
15:37:07 **** Incremental Build of configuration Build (GNU) for project Homework ****
make all 
Cannot run program "make": Launching failed

Error: Program "make" not found in PATH
PATH=[C:/Program Files/Java/jre1.8.0_131/bin/server;C:/Program Files/Java/jre1.8.0_131/bin;C:/Program Files/Java/jre1.8.0_131/lib/amd64;c:\programdata\oracle\java\javapath;c:\windows\system32;c:\windows;c:\windows\system32\wbem;c:\windows\system32\windowspowershell\v1.0\;c:\program files (x86)\skype\phone\;c:\users\dell\.dnx\bin;c:\program files\microsoft dnx\dnvm\;c:\program files\microsoft sql server\130\tools\binn\;c:\program files\intel\wifi\bin\;c:\program files\common files\intel\wirelesscommon\;c:\program files (x86)\microsoft sql server\client sdk\odbc\130\tools\binn\;c:\program files (x86)\microsoft sql server\130\tools\binn\;c:\program files (x86)\microsoft sql server\130\dts\binn\;c:\program files (x86)\microsoft sql server\130\tools\binn\managementstudio\;C:\Program Files (x86)\NVIDIA Corporation\PhysX\Common;C:\Users\DELL\AppData\Local\Programs\Python\Python36-32\Scripts\;C:\Users\DELL\AppData\Local\Programs\Python\Python36-32\;C:\Program Files\Intel\WiFi\bin\;C:\Program Files\Common Files\Intel\WirelessCommon\;E:\eclipse;]
15:37:07 **** Incremental Build of configuration Default for project ThreadsEx2 ****
make all 
Cannot run program "make": Launching failed

Error: Program "make" not found in PATH
PATH=[C:/Program Files/Java/jre1.8.0_131/bin/server;C:/Program Files/Java/jre1.8.0_131/bin;C:/Program Files/Java/jre1.8.0_131/lib/amd64;c:\programdata\oracle\java\javapath;c:\windows\system32;c:\windows;c:\windows\system32\wbem;c:\windows\system32\windowspowershell\v1.0\;c:\program files (x86)\skype\phone\;c:\users\dell\.dnx\bin;c:\program files\microsoft dnx\dnvm\;c:\program files\microsoft sql server\130\tools\binn\;c:\program files\intel\wifi\bin\;c:\program files\common files\intel\wirelesscommon\;c:\program files (x86)\microsoft sql server\client sdk\odbc\130\tools\binn\;c:\program files (x86)\microsoft sql server\130\tools\binn\;c:\program files (x86)\microsoft sql server\130\dts\binn\;c:\program files (x86)\microsoft sql server\130\tools\binn\managementstudio\;C:\Program Files (x86)\NVIDIA Corporation\PhysX\Common;C:\Users\DELL\AppData\Local\Programs\Python\Python36-32\Scripts\;C:\Users\DELL\AppData\Local\Programs\Python\Python36-32\;C:\Program Files\Intel\WiFi\bin\;C:\Program Files\Common Files\Intel\WirelessCommon\;E:\eclipse;]
15:37:14 **** Incremental Build of configuration Build (GNU) for project Homework ****
make all 
Cannot run program "make": Launching failed

Error: Program "make" not found in PATH
PATH=[C:/Program Files/Java/jre1.8.0_131/bin/server;C:/Program Files/Java/jre1.8.0_131/bin;C:/Program Files/Java/jre1.8.0_131/lib/amd64;c:\programdata\oracle\java\javapath;c:\windows\system32;c:\windows;c:\windows\system32\wbem;c:\windows\system32\windowspowershell\v1.0\;c:\program files (x86)\skype\phone\;c:\users\dell\.dnx\bin;c:\program files\microsoft dnx\dnvm\;c:\program files\microsoft sql server\130\tools\binn\;c:\program files\intel\wifi\bin\;c:\program files\common files\intel\wirelesscommon\;c:\program files (x86)\microsoft sql server\client sdk\odbc\130\tools\binn\;c:\program files (x86)\microsoft sql server\130\tools\binn\;c:\program files (x86)\microsoft sql server\130\dts\binn\;c:\program files (x86)\microsoft sql server\130\tools\binn\managementstudio\;C:\Program Files (x86)\NVIDIA Corporation\PhysX\Common;C:\Users\DELL\AppData\Local\Programs\Python\Python36-32\Scripts\;C:\Users\DELL\AppData\Local\Programs\Python\Python36-32\;C:\Program Files\Intel\WiFi\bin\;C:\Program Files\Common Files\Intel\WirelessCommon\;E:\eclipse;]
15:37:14 **** Incremental Build of configuration Default for project ThreadsEx2 ****
make all 
Cannot run program "make": Launching failed

Error: Program "make" not found in PATH
PATH=[C:/Program Files/Java/jre1.8.0_131/bin/server;C:/Program Files/Java/jre1.8.0_131/bin;C:/Program Files/Java/jre1.8.0_131/lib/amd64;c:\programdata\oracle\java\javapath;c:\windows\system32;c:\windows;c:\windows\system32\wbem;c:\windows\system32\windowspowershell\v1.0\;c:\program files (x86)\skype\phone\;c:\users\dell\.dnx\bin;c:\program files\microsoft dnx\dnvm\;c:\program files\microsoft sql server\130\tools\binn\;c:\program files\intel\wifi\bin\;c:\program files\common files\intel\wirelesscommon\;c:\program files (x86)\microsoft sql server\client sdk\odbc\130\tools\binn\;c:\program files (x86)\microsoft sql server\130\tools\binn\;c:\program files (x86)\microsoft sql server\130\dts\binn\;c:\program files (x86)\microsoft sql server\130\tools\binn\managementstudio\;C:\Program Files (x86)\NVIDIA Corporation\PhysX\Common;C:\Users\DELL\AppData\Local\Programs\Python\Python36-32\Scripts\;C:\Users\DELL\AppData\Local\Programs\Python\Python36-32\;C:\Program Files\Intel\WiFi\bin\;C:\Program Files\Common Files\Intel\WirelessCommon\;E:\eclipse;]
15:38:54 **** Incremental Build of configuration Build (GNU) for project Homework ****
make all 
Cannot run program "make": Launching failed

Error: Program "make" not found in PATH
PATH=[C:/Program Files/Java/jre1.8.0_131/bin/server;C:/Program Files/Java/jre1.8.0_131/bin;C:/Program Files/Java/jre1.8.0_131/lib/amd64;c:\programdata\oracle\java\javapath;c:\windows\system32;c:\windows;c:\windows\system32\wbem;c:\windows\system32\windowspowershell\v1.0\;c:\program files (x86)\skype\phone\;c:\users\dell\.dnx\bin;c:\program files\microsoft dnx\dnvm\;c:\program files\microsoft sql server\130\tools\binn\;c:\program files\intel\wifi\bin\;c:\program files\common files\intel\wirelesscommon\;c:\program files (x86)\microsoft sql server\client sdk\odbc\130\tools\binn\;c:\program files (x86)\microsoft sql server\130\tools\binn\;c:\program files (x86)\microsoft sql server\130\dts\binn\;c:\program files (x86)\microsoft sql server\130\tools\binn\managementstudio\;C:\Program Files (x86)\NVIDIA Corporation\PhysX\Common;C:\Users\DELL\AppData\Local\Programs\Python\Python36-32\Scripts\;C:\Users\DELL\AppData\Local\Programs\Python\Python36-32\;C:\Program Files\Intel\WiFi\bin\;C:\Program Files\Common Files\Intel\WirelessCommon\;E:\eclipse;]
15:38:54 **** Incremental Build of configuration Default for project ThreadsEx2 ****
make all 
Cannot run program "make": Launching failed

Error: Program "make" not found in PATH
PATH=[C:/Program Files/Java/jre1.8.0_131/bin/server;C:/Program Files/Java/jre1.8.0_131/bin;C:/Program Files/Java/jre1.8.0_131/lib/amd64;c:\programdata\oracle\java\javapath;c:\windows\system32;c:\windows;c:\windows\system32\wbem;c:\windows\system32\windowspowershell\v1.0\;c:\program files (x86)\skype\phone\;c:\users\dell\.dnx\bin;c:\program files\microsoft dnx\dnvm\;c:\program files\microsoft sql server\130\tools\binn\;c:\program files\intel\wifi\bin\;c:\program files\common files\intel\wirelesscommon\;c:\program files (x86)\microsoft sql server\client sdk\odbc\130\tools\binn\;c:\program files (x86)\microsoft sql server\130\tools\binn\;c:\program files (x86)\microsoft sql server\130\dts\binn\;c:\program files (x86)\microsoft sql server\130\tools\binn\managementstudio\;C:\Program Files (x86)\NVIDIA Corporation\PhysX\Common;C:\Users\DELL\AppData\Local\Programs\Python\Python36-32\Scripts\;C:\Users\DELL\AppData\Local\Programs\Python\Python36-32\;C:\Program Files\Intel\WiFi\bin\;C:\Program Files\Common Files\Intel\WirelessCommon\;E:\eclipse;]
15:42:34 **** Incremental Build of configuration Build (GNU) for project Homework ****
make all 
Cannot run program "make": Launching failed

Error: Program "make" not found in PATH
PATH=[C:/Program Files/Java/jre1.8.0_131/bin/server;C:/Program Files/Java/jre1.8.0_131/bin;C:/Program Files/Java/jre1.8.0_131/lib/amd64;c:\programdata\oracle\java\javapath;c:\windows\system32;c:\windows;c:\windows\system32\wbem;c:\windows\system32\windowspowershell\v1.0\;c:\program files (x86)\skype\phone\;c:\users\dell\.dnx\bin;c:\program files\microsoft dnx\dnvm\;c:\program files\microsoft sql server\130\tools\binn\;c:\program files\intel\wifi\bin\;c:\program files\common files\intel\wirelesscommon\;c:\program files (x86)\microsoft sql server\client sdk\odbc\130\tools\binn\;c:\program files (x86)\microsoft sql server\130\tools\binn\;c:\program files (x86)\microsoft sql server\130\dts\binn\;c:\program files (x86)\microsoft sql server\130\tools\binn\managementstudio\;C:\Program Files (x86)\NVIDIA Corporation\PhysX\Common;C:\Users\DELL\AppData\Local\Programs\Python\Python36-32\Scripts\;C:\Users\DELL\AppData\Local\Programs\Python\Python36-32\;C:\Program Files\Intel\WiFi\bin\;C:\Program Files\Common Files\Intel\WirelessCommon\;E:\eclipse;]
15:42:35 **** Incremental Build of configuration Default for project ThreadsEx2 ****
make all 
Cannot run program "make": Launching failed

Error: Program "make" not found in PATH
PATH=[C:/Program Files/Java/jre1.8.0_131/bin/server;C:/Program Files/Java/jre1.8.0_131/bin;C:/Program Files/Java/jre1.8.0_131/lib/amd64;c:\programdata\oracle\java\javapath;c:\windows\system32;c:\windows;c:\windows\system32\wbem;c:\windows\system32\windowspowershell\v1.0\;c:\program files (x86)\skype\phone\;c:\users\dell\.dnx\bin;c:\program files\microsoft dnx\dnvm\;c:\program files\microsoft sql server\130\tools\binn\;c:\program files\intel\wifi\bin\;c:\program files\common files\intel\wirelesscommon\;c:\program files (x86)\microsoft sql server\client sdk\odbc\130\tools\binn\;c:\program files (x86)\microsoft sql server\130\tools\binn\;c:\program files (x86)\microsoft sql server\130\dts\binn\;c:\program files (x86)\microsoft sql server\130\tools\binn\managementstudio\;C:\Program Files (x86)\NVIDIA Corporation\PhysX\Common;C:\Users\DELL\AppData\Local\Programs\Python\Python36-32\Scripts\;C:\Users\DELL\AppData\Local\Programs\Python\Python36-32\;C:\Program Files\Intel\WiFi\bin\;C:\Program Files\Common Files\Intel\WirelessCommon\;E:\eclipse;]
15:43:26 **** Incremental Build of configuration Build (GNU) for project Homework ****
make all 
Cannot run program "make": Launching failed

Error: Program "make" not found in PATH
PATH=[C:/Program Files/Java/jre1.8.0_131/bin/server;C:/Program Files/Java/jre1.8.0_131/bin;C:/Program Files/Java/jre1.8.0_131/lib/amd64;c:\programdata\oracle\java\javapath;c:\windows\system32;c:\windows;c:\windows\system32\wbem;c:\windows\system32\windowspowershell\v1.0\;c:\program files (x86)\skype\phone\;c:\users\dell\.dnx\bin;c:\program files\microsoft dnx\dnvm\;c:\program files\microsoft sql server\130\tools\binn\;c:\program files\intel\wifi\bin\;c:\program files\common files\intel\wirelesscommon\;c:\program files (x86)\microsoft sql server\client sdk\odbc\130\tools\binn\;c:\program files (x86)\microsoft sql server\130\tools\binn\;c:\program files (x86)\microsoft sql server\130\dts\binn\;c:\program files (x86)\microsoft sql server\130\tools\binn\managementstudio\;C:\Program Files (x86)\NVIDIA Corporation\PhysX\Common;C:\Users\DELL\AppData\Local\Programs\Python\Python36-32\Scripts\;C:\Users\DELL\AppData\Local\Programs\Python\Python36-32\;C:\Program Files\Intel\WiFi\bin\;C:\Program Files\Common Files\Intel\WirelessCommon\;E:\eclipse;]
15:43:26 **** Incremental Build of configuration Default for project ThreadsEx2 ****
make all 
Cannot run program "make": Launching failed

Error: Program "make" not found in PATH
PATH=[C:/Program Files/Java/jre1.8.0_131/bin/server;C:/Program Files/Java/jre1.8.0_131/bin;C:/Program Files/Java/jre1.8.0_131/lib/amd64;c:\programdata\oracle\java\javapath;c:\windows\system32;c:\windows;c:\windows\system32\wbem;c:\windows\system32\windowspowershell\v1.0\;c:\program files (x86)\skype\phone\;c:\users\dell\.dnx\bin;c:\program files\microsoft dnx\dnvm\;c:\program files\microsoft sql server\130\tools\binn\;c:\program files\intel\wifi\bin\;c:\program files\common files\intel\wirelesscommon\;c:\program files (x86)\microsoft sql server\client sdk\odbc\130\tools\binn\;c:\program files (x86)\microsoft sql server\130\tools\binn\;c:\program files (x86)\microsoft sql server\130\dts\binn\;c:\program files (x86)\microsoft sql server\130\tools\binn\managementstudio\;C:\Program Files (x86)\NVIDIA Corporation\PhysX\Common;C:\Users\DELL\AppData\Local\Programs\Python\Python36-32\Scripts\;C:\Users\DELL\AppData\Local\Programs\Python\Python36-32\;C:\Program Files\Intel\WiFi\bin\;C:\Program Files\Common Files\Intel\WirelessCommon\;E:\eclipse;]
15:43:53 **** Incremental Build of configuration Build (GNU) for project Homework ****
make all 
Cannot run program "make": Launching failed

Error: Program "make" not found in PATH
PATH=[C:/Program Files/Java/jre1.8.0_131/bin/server;C:/Program Files/Java/jre1.8.0_131/bin;C:/Program Files/Java/jre1.8.0_131/lib/amd64;c:\programdata\oracle\java\javapath;c:\windows\system32;c:\windows;c:\windows\system32\wbem;c:\windows\system32\windowspowershell\v1.0\;c:\program files (x86)\skype\phone\;c:\users\dell\.dnx\bin;c:\program files\microsoft dnx\dnvm\;c:\program files\microsoft sql server\130\tools\binn\;c:\program files\intel\wifi\bin\;c:\program files\common files\intel\wirelesscommon\;c:\program files (x86)\microsoft sql server\client sdk\odbc\130\tools\binn\;c:\program files (x86)\microsoft sql server\130\tools\binn\;c:\program files (x86)\microsoft sql server\130\dts\binn\;c:\program files (x86)\microsoft sql server\130\tools\binn\managementstudio\;C:\Program Files (x86)\NVIDIA Corporation\PhysX\Common;C:\Users\DELL\AppData\Local\Programs\Python\Python36-32\Scripts\;C:\Users\DELL\AppData\Local\Programs\Python\Python36-32\;C:\Program Files\Intel\WiFi\bin\;C:\Program Files\Common Files\Intel\WirelessCommon\;E:\eclipse;]
15:43:53 **** Incremental Build of configuration Default for project ThreadsEx2 ****
make all 
Cannot run program "make": Launching failed

Error: Program "make" not found in PATH
PATH=[C:/Program Files/Java/jre1.8.0_131/bin/server;C:/Program Files/Java/jre1.8.0_131/bin;C:/Program Files/Java/jre1.8.0_131/lib/amd64;c:\programdata\oracle\java\javapath;c:\windows\system32;c:\windows;c:\windows\system32\wbem;c:\windows\system32\windowspowershell\v1.0\;c:\program files (x86)\skype\phone\;c:\users\dell\.dnx\bin;c:\program files\microsoft dnx\dnvm\;c:\program files\microsoft sql server\130\tools\binn\;c:\program files\intel\wifi\bin\;c:\program files\common files\intel\wirelesscommon\;c:\program files (x86)\microsoft sql server\client sdk\odbc\130\tools\binn\;c:\program files (x86)\microsoft sql server\130\tools\binn\;c:\program files (x86)\microsoft sql server\130\dts\binn\;c:\program files (x86)\microsoft sql server\130\tools\binn\managementstudio\;C:\Program Files (x86)\NVIDIA Corporation\PhysX\Common;C:\Users\DELL\AppData\Local\Programs\Python\Python36-32\Scripts\;C:\Users\DELL\AppData\Local\Programs\Python\Python36-32\;C:\Program Files\Intel\WiFi\bin\;C:\Program Files\Common Files\Intel\WirelessCommon\;E:\eclipse;]
15:55:48 **** Incremental Build of configuration Build (GNU) for project Homework ****
make all 
Cannot run program "make": Launching failed

Error: Program "make" not found in PATH
PATH=[C:/Program Files/Java/jre1.8.0_131/bin/server;C:/Program Files/Java/jre1.8.0_131/bin;C:/Program Files/Java/jre1.8.0_131/lib/amd64;c:\programdata\oracle\java\javapath;c:\windows\system32;c:\windows;c:\windows\system32\wbem;c:\windows\system32\windowspowershell\v1.0\;c:\program files (x86)\skype\phone\;c:\users\dell\.dnx\bin;c:\program files\microsoft dnx\dnvm\;c:\program files\microsoft sql server\130\tools\binn\;c:\program files\intel\wifi\bin\;c:\program files\common files\intel\wirelesscommon\;c:\program files (x86)\microsoft sql server\client sdk\odbc\130\tools\binn\;c:\program files (x86)\microsoft sql server\130\tools\binn\;c:\program files (x86)\microsoft sql server\130\dts\binn\;c:\program files (x86)\microsoft sql server\130\tools\binn\managementstudio\;C:\Program Files (x86)\NVIDIA Corporation\PhysX\Common;C:\Users\DELL\AppData\Local\Programs\Python\Python36-32\Scripts\;C:\Users\DELL\AppData\Local\Programs\Python\Python36-32\;C:\Program Files\Intel\WiFi\bin\;C:\Program Files\Common Files\Intel\WirelessCommon\;E:\eclipse;]
15:55:48 **** Incremental Build of configuration Default for project ThreadsEx2 ****
make all 
Cannot run program "make": Launching failed

Error: Program "make" not found in PATH
PATH=[C:/Program Files/Java/jre1.8.0_131/bin/server;C:/Program Files/Java/jre1.8.0_131/bin;C:/Program Files/Java/jre1.8.0_131/lib/amd64;c:\programdata\oracle\java\javapath;c:\windows\system32;c:\windows;c:\windows\system32\wbem;c:\windows\system32\windowspowershell\v1.0\;c:\program files (x86)\skype\phone\;c:\users\dell\.dnx\bin;c:\program files\microsoft dnx\dnvm\;c:\program files\microsoft sql server\130\tools\binn\;c:\program files\intel\wifi\bin\;c:\program files\common files\intel\wirelesscommon\;c:\program files (x86)\microsoft sql server\client sdk\odbc\130\tools\binn\;c:\program files (x86)\microsoft sql server\130\tools\binn\;c:\program files (x86)\microsoft sql server\130\dts\binn\;c:\program files (x86)\microsoft sql server\130\tools\binn\managementstudio\;C:\Program Files (x86)\NVIDIA Corporation\PhysX\Common;C:\Users\DELL\AppData\Local\Programs\Python\Python36-32\Scripts\;C:\Users\DELL\AppData\Local\Programs\Python\Python36-32\;C:\Program Files\Intel\WiFi\bin\;C:\Program Files\Common Files\Intel\WirelessCommon\;E:\eclipse;]
16:03:18 **** Incremental Build of configuration Build (GNU) for project Homework ****
make all 
Cannot run program "make": Launching failed

Error: Program "make" not found in PATH
PATH=[C:/Program Files/Java/jre1.8.0_131/bin/server;C:/Program Files/Java/jre1.8.0_131/bin;C:/Program Files/Java/jre1.8.0_131/lib/amd64;c:\programdata\oracle\java\javapath;c:\windows\system32;c:\windows;c:\windows\system32\wbem;c:\windows\system32\windowspowershell\v1.0\;c:\program files (x86)\skype\phone\;c:\users\dell\.dnx\bin;c:\program files\microsoft dnx\dnvm\;c:\program files\microsoft sql server\130\tools\binn\;c:\program files\intel\wifi\bin\;c:\program files\common files\intel\wirelesscommon\;c:\program files (x86)\microsoft sql server\client sdk\odbc\130\tools\binn\;c:\program files (x86)\microsoft sql server\130\tools\binn\;c:\program files (x86)\microsoft sql server\130\dts\binn\;c:\program files (x86)\microsoft sql server\130\tools\binn\managementstudio\;C:\Program Files (x86)\NVIDIA Corporation\PhysX\Common;C:\Users\DELL\AppData\Local\Programs\Python\Python36-32\Scripts\;C:\Users\DELL\AppData\Local\Programs\Python\Python36-32\;C:\Program Files\Intel\WiFi\bin\;C:\Program Files\Common Files\Intel\WirelessCommon\;E:\eclipse;]
16:03:18 **** Incremental Build of configuration Default for project ThreadsEx2 ****
make all 
Cannot run program "make": Launching failed

Error: Program "make" not found in PATH
PATH=[C:/Program Files/Java/jre1.8.0_131/bin/server;C:/Program Files/Java/jre1.8.0_131/bin;C:/Program Files/Java/jre1.8.0_131/lib/amd64;c:\programdata\oracle\java\javapath;c:\windows\system32;c:\windows;c:\windows\system32\wbem;c:\windows\system32\windowspowershell\v1.0\;c:\program files (x86)\skype\phone\;c:\users\dell\.dnx\bin;c:\program files\microsoft dnx\dnvm\;c:\program files\microsoft sql server\130\tools\binn\;c:\program files\intel\wifi\bin\;c:\program files\common files\intel\wirelesscommon\;c:\program files (x86)\microsoft sql server\client sdk\odbc\130\tools\binn\;c:\program files (x86)\microsoft sql server\130\tools\binn\;c:\program files (x86)\microsoft sql server\130\dts\binn\;c:\program files (x86)\microsoft sql server\130\tools\binn\managementstudio\;C:\Program Files (x86)\NVIDIA Corporation\PhysX\Common;C:\Users\DELL\AppData\Local\Programs\Python\Python36-32\Scripts\;C:\Users\DELL\AppData\Local\Programs\Python\Python36-32\;C:\Program Files\Intel\WiFi\bin\;C:\Program Files\Common Files\Intel\WirelessCommon\;E:\eclipse;]
19:41:27 **** Incremental Build of configuration Build (GNU) for project Homework ****
make all 
Cannot run program "make": Launching failed

Error: Program "make" not found in PATH
PATH=[C:/Program Files/Java/jre1.8.0_131/bin/server;C:/Program Files/Java/jre1.8.0_131/bin;C:/Program Files/Java/jre1.8.0_131/lib/amd64;c:\programdata\oracle\java\javapath;c:\windows\system32;c:\windows;c:\windows\system32\wbem;c:\windows\system32\windowspowershell\v1.0\;c:\program files (x86)\skype\phone\;c:\users\dell\.dnx\bin;c:\program files\microsoft dnx\dnvm\;c:\program files\microsoft sql server\130\tools\binn\;c:\program files\intel\wifi\bin\;c:\program files\common files\intel\wirelesscommon\;c:\program files (x86)\microsoft sql server\client sdk\odbc\130\tools\binn\;c:\program files (x86)\microsoft sql server\130\tools\binn\;c:\program files (x86)\microsoft sql server\130\dts\binn\;c:\program files (x86)\microsoft sql server\130\tools\binn\managementstudio\;C:\Program Files (x86)\NVIDIA Corporation\PhysX\Common;C:\Users\DELL\AppData\Local\Programs\Python\Python36-32\Scripts\;C:\Users\DELL\AppData\Local\Programs\Python\Python36-32\;C:\Program Files\Intel\WiFi\bin\;C:\Program Files\Common Files\Intel\WirelessCommon\;E:\eclipse;]
19:41:27 **** Incremental Build of configuration Default for project ThreadsEx2 ****
make all 
Cannot run program "make": Launching failed

Error: Program "make" not found in PATH
PATH=[C:/Program Files/Java/jre1.8.0_131/bin/server;C:/Program Files/Java/jre1.8.0_131/bin;C:/Program Files/Java/jre1.8.0_131/lib/amd64;c:\programdata\oracle\java\javapath;c:\windows\system32;c:\windows;c:\windows\system32\wbem;c:\windows\system32\windowspowershell\v1.0\;c:\program files (x86)\skype\phone\;c:\users\dell\.dnx\bin;c:\program files\microsoft dnx\dnvm\;c:\program files\microsoft sql server\130\tools\binn\;c:\program files\intel\wifi\bin\;c:\program files\common files\intel\wirelesscommon\;c:\program files (x86)\microsoft sql server\client sdk\odbc\130\tools\binn\;c:\program files (x86)\microsoft sql server\130\tools\binn\;c:\program files (x86)\microsoft sql server\130\dts\binn\;c:\program files (x86)\microsoft sql server\130\tools\binn\managementstudio\;C:\Program Files (x86)\NVIDIA Corporation\PhysX\Common;C:\Users\DELL\AppData\Local\Programs\Python\Python36-32\Scripts\;C:\Users\DELL\AppData\Local\Programs\Python\Python36-32\;C:\Program Files\Intel\WiFi\bin\;C:\Program Files\Common Files\Intel\WirelessCommon\;E:\eclipse;]
19:42:19 **** Incremental Build of configuration Build (GNU) for project Homework ****
make all 
Cannot run program "make": Launching failed

Error: Program "make" not found in PATH
PATH=[C:/Program Files/Java/jre1.8.0_131/bin/server;C:/Program Files/Java/jre1.8.0_131/bin;C:/Program Files/Java/jre1.8.0_131/lib/amd64;c:\programdata\oracle\java\javapath;c:\windows\system32;c:\windows;c:\windows\system32\wbem;c:\windows\system32\windowspowershell\v1.0\;c:\program files (x86)\skype\phone\;c:\users\dell\.dnx\bin;c:\program files\microsoft dnx\dnvm\;c:\program files\microsoft sql server\130\tools\binn\;c:\program files\intel\wifi\bin\;c:\program files\common files\intel\wirelesscommon\;c:\program files (x86)\microsoft sql server\client sdk\odbc\130\tools\binn\;c:\program files (x86)\microsoft sql server\130\tools\binn\;c:\program files (x86)\microsoft sql server\130\dts\binn\;c:\program files (x86)\microsoft sql server\130\tools\binn\managementstudio\;C:\Program Files (x86)\NVIDIA Corporation\PhysX\Common;C:\Users\DELL\AppData\Local\Programs\Python\Python36-32\Scripts\;C:\Users\DELL\AppData\Local\Programs\Python\Python36-32\;C:\Program Files\Intel\WiFi\bin\;C:\Program Files\Common Files\Intel\WirelessCommon\;E:\eclipse;]
19:42:19 **** Incremental Build of configuration Default for project ThreadsEx2 ****
make all 
Cannot run program "make": Launching failed

Error: Program "make" not found in PATH
PATH=[C:/Program Files/Java/jre1.8.0_131/bin/server;C:/Program Files/Java/jre1.8.0_131/bin;C:/Program Files/Java/jre1.8.0_131/lib/amd64;c:\programdata\oracle\java\javapath;c:\windows\system32;c:\windows;c:\windows\system32\wbem;c:\windows\system32\windowspowershell\v1.0\;c:\program files (x86)\skype\phone\;c:\users\dell\.dnx\bin;c:\program files\microsoft dnx\dnvm\;c:\program files\microsoft sql server\130\tools\binn\;c:\program files\intel\wifi\bin\;c:\program files\common files\intel\wirelesscommon\;c:\program files (x86)\microsoft sql server\client sdk\odbc\130\tools\binn\;c:\program files (x86)\microsoft sql server\130\tools\binn\;c:\program files (x86)\microsoft sql server\130\dts\binn\;c:\program files (x86)\microsoft sql server\130\tools\binn\managementstudio\;C:\Program Files (x86)\NVIDIA Corporation\PhysX\Common;C:\Users\DELL\AppData\Local\Programs\Python\Python36-32\Scripts\;C:\Users\DELL\AppData\Local\Programs\Python\Python36-32\;C:\Program Files\Intel\WiFi\bin\;C:\Program Files\Common Files\Intel\WirelessCommon\;E:\eclipse;]
19:46:22 **** Incremental Build of configuration Build (GNU) for project Homework ****
make all 
Cannot run program "make": Launching failed

Error: Program "make" not found in PATH
PATH=[C:/Program Files/Java/jre1.8.0_131/bin/server;C:/Program Files/Java/jre1.8.0_131/bin;C:/Program Files/Java/jre1.8.0_131/lib/amd64;c:\programdata\oracle\java\javapath;c:\windows\system32;c:\windows;c:\windows\system32\wbem;c:\windows\system32\windowspowershell\v1.0\;c:\program files (x86)\skype\phone\;c:\users\dell\.dnx\bin;c:\program files\microsoft dnx\dnvm\;c:\program files\microsoft sql server\130\tools\binn\;c:\program files\intel\wifi\bin\;c:\program files\common files\intel\wirelesscommon\;c:\program files (x86)\microsoft sql server\client sdk\odbc\130\tools\binn\;c:\program files (x86)\microsoft sql server\130\tools\binn\;c:\program files (x86)\microsoft sql server\130\dts\binn\;c:\program files (x86)\microsoft sql server\130\tools\binn\managementstudio\;C:\Program Files (x86)\NVIDIA Corporation\PhysX\Common;C:\Users\DELL\AppData\Local\Programs\Python\Python36-32\Scripts\;C:\Users\DELL\AppData\Local\Programs\Python\Python36-32\;C:\Program Files\Intel\WiFi\bin\;C:\Program Files\Common Files\Intel\WirelessCommon\;E:\eclipse;]
19:46:22 **** Incremental Build of configuration Default for project ThreadsEx2 ****
make all 
Cannot run program "make": Launching failed

Error: Program "make" not found in PATH
PATH=[C:/Program Files/Java/jre1.8.0_131/bin/server;C:/Program Files/Java/jre1.8.0_131/bin;C:/Program Files/Java/jre1.8.0_131/lib/amd64;c:\programdata\oracle\java\javapath;c:\windows\system32;c:\windows;c:\windows\system32\wbem;c:\windows\system32\windowspowershell\v1.0\;c:\program files (x86)\skype\phone\;c:\users\dell\.dnx\bin;c:\program files\microsoft dnx\dnvm\;c:\program files\microsoft sql server\130\tools\binn\;c:\program files\intel\wifi\bin\;c:\program files\common files\intel\wirelesscommon\;c:\program files (x86)\microsoft sql server\client sdk\odbc\130\tools\binn\;c:\program files (x86)\microsoft sql server\130\tools\binn\;c:\program files (x86)\microsoft sql server\130\dts\binn\;c:\program files (x86)\microsoft sql server\130\tools\binn\managementstudio\;C:\Program Files (x86)\NVIDIA Corporation\PhysX\Common;C:\Users\DELL\AppData\Local\Programs\Python\Python36-32\Scripts\;C:\Users\DELL\AppData\Local\Programs\Python\Python36-32\;C:\Program Files\Intel\WiFi\bin\;C:\Program Files\Common Files\Intel\WirelessCommon\;E:\eclipse;]
19:47:03 **** Incremental Build of configuration Build (GNU) for project Homework ****
make all 
Cannot run program "make": Launching failed

Error: Program "make" not found in PATH
PATH=[C:/Program Files/Java/jre1.8.0_131/bin/server;C:/Program Files/Java/jre1.8.0_131/bin;C:/Program Files/Java/jre1.8.0_131/lib/amd64;c:\programdata\oracle\java\javapath;c:\windows\system32;c:\windows;c:\windows\system32\wbem;c:\windows\system32\windowspowershell\v1.0\;c:\program files (x86)\skype\phone\;c:\users\dell\.dnx\bin;c:\program files\microsoft dnx\dnvm\;c:\program files\microsoft sql server\130\tools\binn\;c:\program files\intel\wifi\bin\;c:\program files\common files\intel\wirelesscommon\;c:\program files (x86)\microsoft sql server\client sdk\odbc\130\tools\binn\;c:\program files (x86)\microsoft sql server\130\tools\binn\;c:\program files (x86)\microsoft sql server\130\dts\binn\;c:\program files (x86)\microsoft sql server\130\tools\binn\managementstudio\;C:\Program Files (x86)\NVIDIA Corporation\PhysX\Common;C:\Users\DELL\AppData\Local\Programs\Python\Python36-32\Scripts\;C:\Users\DELL\AppData\Local\Programs\Python\Python36-32\;C:\Program Files\Intel\WiFi\bin\;C:\Program Files\Common Files\Intel\WirelessCommon\;E:\eclipse;]
19:47:03 **** Incremental Build of configuration Default for project ThreadsEx2 ****
make all 
Cannot run program "make": Launching failed

Error: Program "make" not found in PATH
PATH=[C:/Program Files/Java/jre1.8.0_131/bin/server;C:/Program Files/Java/jre1.8.0_131/bin;C:/Program Files/Java/jre1.8.0_131/lib/amd64;c:\programdata\oracle\java\javapath;c:\windows\system32;c:\windows;c:\windows\system32\wbem;c:\windows\system32\windowspowershell\v1.0\;c:\program files (x86)\skype\phone\;c:\users\dell\.dnx\bin;c:\program files\microsoft dnx\dnvm\;c:\program files\microsoft sql server\130\tools\binn\;c:\program files\intel\wifi\bin\;c:\program files\common files\intel\wirelesscommon\;c:\program files (x86)\microsoft sql server\client sdk\odbc\130\tools\binn\;c:\program files (x86)\microsoft sql server\130\tools\binn\;c:\program files (x86)\microsoft sql server\130\dts\binn\;c:\program files (x86)\microsoft sql server\130\tools\binn\managementstudio\;C:\Program Files (x86)\NVIDIA Corporation\PhysX\Common;C:\Users\DELL\AppData\Local\Programs\Python\Python36-32\Scripts\;C:\Users\DELL\AppData\Local\Programs\Python\Python36-32\;C:\Program Files\Intel\WiFi\bin\;C:\Program Files\Common Files\Intel\WirelessCommon\;E:\eclipse;]
19:48:35 **** Incremental Build of configuration Build (GNU) for project Homework ****
make all 
Cannot run program "make": Launching failed

Error: Program "make" not found in PATH
PATH=[C:/Program Files/Java/jre1.8.0_131/bin/server;C:/Program Files/Java/jre1.8.0_131/bin;C:/Program Files/Java/jre1.8.0_131/lib/amd64;c:\programdata\oracle\java\javapath;c:\windows\system32;c:\windows;c:\windows\system32\wbem;c:\windows\system32\windowspowershell\v1.0\;c:\program files (x86)\skype\phone\;c:\users\dell\.dnx\bin;c:\program files\microsoft dnx\dnvm\;c:\program files\microsoft sql server\130\tools\binn\;c:\program files\intel\wifi\bin\;c:\program files\common files\intel\wirelesscommon\;c:\program files (x86)\microsoft sql server\client sdk\odbc\130\tools\binn\;c:\program files (x86)\microsoft sql server\130\tools\binn\;c:\program files (x86)\microsoft sql server\130\dts\binn\;c:\program files (x86)\microsoft sql server\130\tools\binn\managementstudio\;C:\Program Files (x86)\NVIDIA Corporation\PhysX\Common;C:\Users\DELL\AppData\Local\Programs\Python\Python36-32\Scripts\;C:\Users\DELL\AppData\Local\Programs\Python\Python36-32\;C:\Program Files\Intel\WiFi\bin\;C:\Program Files\Common Files\Intel\WirelessCommon\;E:\eclipse;]
19:48:35 **** Incremental Build of configuration Default for project ThreadsEx2 ****
make all 
Cannot run program "make": Launching failed

Error: Program "make" not found in PATH
PATH=[C:/Program Files/Java/jre1.8.0_131/bin/server;C:/Program Files/Java/jre1.8.0_131/bin;C:/Program Files/Java/jre1.8.0_131/lib/amd64;c:\programdata\oracle\java\javapath;c:\windows\system32;c:\windows;c:\windows\system32\wbem;c:\windows\system32\windowspowershell\v1.0\;c:\program files (x86)\skype\phone\;c:\users\dell\.dnx\bin;c:\program files\microsoft dnx\dnvm\;c:\program files\microsoft sql server\130\tools\binn\;c:\program files\intel\wifi\bin\;c:\program files\common files\intel\wirelesscommon\;c:\program files (x86)\microsoft sql server\client sdk\odbc\130\tools\binn\;c:\program files (x86)\microsoft sql server\130\tools\binn\;c:\program files (x86)\microsoft sql server\130\dts\binn\;c:\program files (x86)\microsoft sql server\130\tools\binn\managementstudio\;C:\Program Files (x86)\NVIDIA Corporation\PhysX\Common;C:\Users\DELL\AppData\Local\Programs\Python\Python36-32\Scripts\;C:\Users\DELL\AppData\Local\Programs\Python\Python36-32\;C:\Program Files\Intel\WiFi\bin\;C:\Program Files\Common Files\Intel\WirelessCommon\;E:\eclipse;]
20:11:14 **** Incremental Build of configuration Build (GNU) for project Homework ****
make all 
Cannot run program "make": Launching failed

Error: Program "make" not found in PATH
PATH=[C:/Program Files/Java/jre1.8.0_131/bin/server;C:/Program Files/Java/jre1.8.0_131/bin;C:/Program Files/Java/jre1.8.0_131/lib/amd64;c:\programdata\oracle\java\javapath;c:\windows\system32;c:\windows;c:\windows\system32\wbem;c:\windows\system32\windowspowershell\v1.0\;c:\program files (x86)\skype\phone\;c:\users\dell\.dnx\bin;c:\program files\microsoft dnx\dnvm\;c:\program files\microsoft sql server\130\tools\binn\;c:\program files\intel\wifi\bin\;c:\program files\common files\intel\wirelesscommon\;c:\program files (x86)\microsoft sql server\client sdk\odbc\130\tools\binn\;c:\program files (x86)\microsoft sql server\130\tools\binn\;c:\program files (x86)\microsoft sql server\130\dts\binn\;c:\program files (x86)\microsoft sql server\130\tools\binn\managementstudio\;C:\Program Files (x86)\NVIDIA Corporation\PhysX\Common;C:\Users\DELL\AppData\Local\Programs\Python\Python36-32\Scripts\;C:\Users\DELL\AppData\Local\Programs\Python\Python36-32\;C:\Program Files\Intel\WiFi\bin\;C:\Program Files\Common Files\Intel\WirelessCommon\;E:\eclipse;]
20:11:14 **** Incremental Build of configuration Default for project ThreadsEx2 ****
make all 
Cannot run program "make": Launching failed

Error: Program "make" not found in PATH
PATH=[C:/Program Files/Java/jre1.8.0_131/bin/server;C:/Program Files/Java/jre1.8.0_131/bin;C:/Program Files/Java/jre1.8.0_131/lib/amd64;c:\programdata\oracle\java\javapath;c:\windows\system32;c:\windows;c:\windows\system32\wbem;c:\windows\system32\windowspowershell\v1.0\;c:\program files (x86)\skype\phone\;c:\users\dell\.dnx\bin;c:\program files\microsoft dnx\dnvm\;c:\program files\microsoft sql server\130\tools\binn\;c:\program files\intel\wifi\bin\;c:\program files\common files\intel\wirelesscommon\;c:\program files (x86)\microsoft sql server\client sdk\odbc\130\tools\binn\;c:\program files (x86)\microsoft sql server\130\tools\binn\;c:\program files (x86)\microsoft sql server\130\dts\binn\;c:\program files (x86)\microsoft sql server\130\tools\binn\managementstudio\;C:\Program Files (x86)\NVIDIA Corporation\PhysX\Common;C:\Users\DELL\AppData\Local\Programs\Python\Python36-32\Scripts\;C:\Users\DELL\AppData\Local\Programs\Python\Python36-32\;C:\Program Files\Intel\WiFi\bin\;C:\Program Files\Common Files\Intel\WirelessCommon\;E:\eclipse;]
20:11:42 **** Incremental Build of configuration Build (GNU) for project Homework ****
make all 
Cannot run program "make": Launching failed

Error: Program "make" not found in PATH
PATH=[C:/Program Files/Java/jre1.8.0_131/bin/server;C:/Program Files/Java/jre1.8.0_131/bin;C:/Program Files/Java/jre1.8.0_131/lib/amd64;c:\programdata\oracle\java\javapath;c:\windows\system32;c:\windows;c:\windows\system32\wbem;c:\windows\system32\windowspowershell\v1.0\;c:\program files (x86)\skype\phone\;c:\users\dell\.dnx\bin;c:\program files\microsoft dnx\dnvm\;c:\program files\microsoft sql server\130\tools\binn\;c:\program files\intel\wifi\bin\;c:\program files\common files\intel\wirelesscommon\;c:\program files (x86)\microsoft sql server\client sdk\odbc\130\tools\binn\;c:\program files (x86)\microsoft sql server\130\tools\binn\;c:\program files (x86)\microsoft sql server\130\dts\binn\;c:\program files (x86)\microsoft sql server\130\tools\binn\managementstudio\;C:\Program Files (x86)\NVIDIA Corporation\PhysX\Common;C:\Users\DELL\AppData\Local\Programs\Python\Python36-32\Scripts\;C:\Users\DELL\AppData\Local\Programs\Python\Python36-32\;C:\Program Files\Intel\WiFi\bin\;C:\Program Files\Common Files\Intel\WirelessCommon\;E:\eclipse;]
20:11:42 **** Incremental Build of configuration Default for project ThreadsEx2 ****
make all 
Cannot run program "make": Launching failed

Error: Program "make" not found in PATH
PATH=[C:/Program Files/Java/jre1.8.0_131/bin/server;C:/Program Files/Java/jre1.8.0_131/bin;C:/Program Files/Java/jre1.8.0_131/lib/amd64;c:\programdata\oracle\java\javapath;c:\windows\system32;c:\windows;c:\windows\system32\wbem;c:\windows\system32\windowspowershell\v1.0\;c:\program files (x86)\skype\phone\;c:\users\dell\.dnx\bin;c:\program files\microsoft dnx\dnvm\;c:\program files\microsoft sql server\130\tools\binn\;c:\program files\intel\wifi\bin\;c:\program files\common files\intel\wirelesscommon\;c:\program files (x86)\microsoft sql server\client sdk\odbc\130\tools\binn\;c:\program files (x86)\microsoft sql server\130\tools\binn\;c:\program files (x86)\microsoft sql server\130\dts\binn\;c:\program files (x86)\microsoft sql server\130\tools\binn\managementstudio\;C:\Program Files (x86)\NVIDIA Corporation\PhysX\Common;C:\Users\DELL\AppData\Local\Programs\Python\Python36-32\Scripts\;C:\Users\DELL\AppData\Local\Programs\Python\Python36-32\;C:\Program Files\Intel\WiFi\bin\;C:\Program Files\Common Files\Intel\WirelessCommon\;E:\eclipse;]
20:25:40 **** Incremental Build of configuration Build (GNU) for project Homework ****
make all 
Cannot run program "make": Launching failed

Error: Program "make" not found in PATH
PATH=[C:/Program Files/Java/jre1.8.0_131/bin/server;C:/Program Files/Java/jre1.8.0_131/bin;C:/Program Files/Java/jre1.8.0_131/lib/amd64;c:\programdata\oracle\java\javapath;c:\windows\system32;c:\windows;c:\windows\system32\wbem;c:\windows\system32\windowspowershell\v1.0\;c:\program files (x86)\skype\phone\;c:\users\dell\.dnx\bin;c:\program files\microsoft dnx\dnvm\;c:\program files\microsoft sql server\130\tools\binn\;c:\program files\intel\wifi\bin\;c:\program files\common files\intel\wirelesscommon\;c:\program files (x86)\microsoft sql server\client sdk\odbc\130\tools\binn\;c:\program files (x86)\microsoft sql server\130\tools\binn\;c:\program files (x86)\microsoft sql server\130\dts\binn\;c:\program files (x86)\microsoft sql server\130\tools\binn\managementstudio\;C:\Program Files (x86)\NVIDIA Corporation\PhysX\Common;C:\Users\DELL\AppData\Local\Programs\Python\Python36-32\Scripts\;C:\Users\DELL\AppData\Local\Programs\Python\Python36-32\;C:\Program Files\Intel\WiFi\bin\;C:\Program Files\Common Files\Intel\WirelessCommon\;E:\eclipse;]
20:25:40 **** Incremental Build of configuration Default for project ThreadsEx2 ****
make all 
Cannot run program "make": Launching failed

Error: Program "make" not found in PATH
PATH=[C:/Program Files/Java/jre1.8.0_131/bin/server;C:/Program Files/Java/jre1.8.0_131/bin;C:/Program Files/Java/jre1.8.0_131/lib/amd64;c:\programdata\oracle\java\javapath;c:\windows\system32;c:\windows;c:\windows\system32\wbem;c:\windows\system32\windowspowershell\v1.0\;c:\program files (x86)\skype\phone\;c:\users\dell\.dnx\bin;c:\program files\microsoft dnx\dnvm\;c:\program files\microsoft sql server\130\tools\binn\;c:\program files\intel\wifi\bin\;c:\program files\common files\intel\wirelesscommon\;c:\program files (x86)\microsoft sql server\client sdk\odbc\130\tools\binn\;c:\program files (x86)\microsoft sql server\130\tools\binn\;c:\program files (x86)\microsoft sql server\130\dts\binn\;c:\program files (x86)\microsoft sql server\130\tools\binn\managementstudio\;C:\Program Files (x86)\NVIDIA Corporation\PhysX\Common;C:\Users\DELL\AppData\Local\Programs\Python\Python36-32\Scripts\;C:\Users\DELL\AppData\Local\Programs\Python\Python36-32\;C:\Program Files\Intel\WiFi\bin\;C:\Program Files\Common Files\Intel\WirelessCommon\;E:\eclipse;]
20:34:38 **** Incremental Build of configuration Build (GNU) for project Homework ****
make all 
Cannot run program "make": Launching failed

Error: Program "make" not found in PATH
PATH=[C:/Program Files/Java/jre1.8.0_131/bin/server;C:/Program Files/Java/jre1.8.0_131/bin;C:/Program Files/Java/jre1.8.0_131/lib/amd64;c:\programdata\oracle\java\javapath;c:\windows\system32;c:\windows;c:\windows\system32\wbem;c:\windows\system32\windowspowershell\v1.0\;c:\program files (x86)\skype\phone\;c:\users\dell\.dnx\bin;c:\program files\microsoft dnx\dnvm\;c:\program files\microsoft sql server\130\tools\binn\;c:\program files\intel\wifi\bin\;c:\program files\common files\intel\wirelesscommon\;c:\program files (x86)\microsoft sql server\client sdk\odbc\130\tools\binn\;c:\program files (x86)\microsoft sql server\130\tools\binn\;c:\program files (x86)\microsoft sql server\130\dts\binn\;c:\program files (x86)\microsoft sql server\130\tools\binn\managementstudio\;C:\Program Files (x86)\NVIDIA Corporation\PhysX\Common;C:\Users\DELL\AppData\Local\Programs\Python\Python36-32\Scripts\;C:\Users\DELL\AppData\Local\Programs\Python\Python36-32\;C:\Program Files\Intel\WiFi\bin\;C:\Program Files\Common Files\Intel\WirelessCommon\;E:\eclipse;]
20:34:38 **** Incremental Build of configuration Default for project ThreadsEx2 ****
make all 
Cannot run program "make": Launching failed

Error: Program "make" not found in PATH
PATH=[C:/Program Files/Java/jre1.8.0_131/bin/server;C:/Program Files/Java/jre1.8.0_131/bin;C:/Program Files/Java/jre1.8.0_131/lib/amd64;c:\programdata\oracle\java\javapath;c:\windows\system32;c:\windows;c:\windows\system32\wbem;c:\windows\system32\windowspowershell\v1.0\;c:\program files (x86)\skype\phone\;c:\users\dell\.dnx\bin;c:\program files\microsoft dnx\dnvm\;c:\program files\microsoft sql server\130\tools\binn\;c:\program files\intel\wifi\bin\;c:\program files\common files\intel\wirelesscommon\;c:\program files (x86)\microsoft sql server\client sdk\odbc\130\tools\binn\;c:\program files (x86)\microsoft sql server\130\tools\binn\;c:\program files (x86)\microsoft sql server\130\dts\binn\;c:\program files (x86)\microsoft sql server\130\tools\binn\managementstudio\;C:\Program Files (x86)\NVIDIA Corporation\PhysX\Common;C:\Users\DELL\AppData\Local\Programs\Python\Python36-32\Scripts\;C:\Users\DELL\AppData\Local\Programs\Python\Python36-32\;C:\Program Files\Intel\WiFi\bin\;C:\Program Files\Common Files\Intel\WirelessCommon\;E:\eclipse;]
20:39:51 **** Incremental Build of configuration Build (GNU) for project Homework ****
make all 
Cannot run program "make": Launching failed

Error: Program "make" not found in PATH
PATH=[C:/Program Files/Java/jre1.8.0_131/bin/server;C:/Program Files/Java/jre1.8.0_131/bin;C:/Program Files/Java/jre1.8.0_131/lib/amd64;c:\programdata\oracle\java\javapath;c:\windows\system32;c:\windows;c:\windows\system32\wbem;c:\windows\system32\windowspowershell\v1.0\;c:\program files (x86)\skype\phone\;c:\users\dell\.dnx\bin;c:\program files\microsoft dnx\dnvm\;c:\program files\microsoft sql server\130\tools\binn\;c:\program files\intel\wifi\bin\;c:\program files\common files\intel\wirelesscommon\;c:\program files (x86)\microsoft sql server\client sdk\odbc\130\tools\binn\;c:\program files (x86)\microsoft sql server\130\tools\binn\;c:\program files (x86)\microsoft sql server\130\dts\binn\;c:\program files (x86)\microsoft sql server\130\tools\binn\managementstudio\;C:\Program Files (x86)\NVIDIA Corporation\PhysX\Common;C:\Users\DELL\AppData\Local\Programs\Python\Python36-32\Scripts\;C:\Users\DELL\AppData\Local\Programs\Python\Python36-32\;C:\Program Files\Intel\WiFi\bin\;C:\Program Files\Common Files\Intel\WirelessCommon\;E:\eclipse;]
20:39:51 **** Incremental Build of configuration Default for project ThreadsEx2 ****
make all 
Cannot run program "make": Launching failed

Error: Program "make" not found in PATH
PATH=[C:/Program Files/Java/jre1.8.0_131/bin/server;C:/Program Files/Java/jre1.8.0_131/bin;C:/Program Files/Java/jre1.8.0_131/lib/amd64;c:\programdata\oracle\java\javapath;c:\windows\system32;c:\windows;c:\windows\system32\wbem;c:\windows\system32\windowspowershell\v1.0\;c:\program files (x86)\skype\phone\;c:\users\dell\.dnx\bin;c:\program files\microsoft dnx\dnvm\;c:\program files\microsoft sql server\130\tools\binn\;c:\program files\intel\wifi\bin\;c:\program files\common files\intel\wirelesscommon\;c:\program files (x86)\microsoft sql server\client sdk\odbc\130\tools\binn\;c:\program files (x86)\microsoft sql server\130\tools\binn\;c:\program files (x86)\microsoft sql server\130\dts\binn\;c:\program files (x86)\microsoft sql server\130\tools\binn\managementstudio\;C:\Program Files (x86)\NVIDIA Corporation\PhysX\Common;C:\Users\DELL\AppData\Local\Programs\Python\Python36-32\Scripts\;C:\Users\DELL\AppData\Local\Programs\Python\Python36-32\;C:\Program Files\Intel\WiFi\bin\;C:\Program Files\Common Files\Intel\WirelessCommon\;E:\eclipse;]
20:43:44 **** Incremental Build of configuration Build (GNU) for project Homework ****
make all 
Cannot run program "make": Launching failed

Error: Program "make" not found in PATH
PATH=[C:/Program Files/Java/jre1.8.0_131/bin/server;C:/Program Files/Java/jre1.8.0_131/bin;C:/Program Files/Java/jre1.8.0_131/lib/amd64;c:\programdata\oracle\java\javapath;c:\windows\system32;c:\windows;c:\windows\system32\wbem;c:\windows\system32\windowspowershell\v1.0\;c:\program files (x86)\skype\phone\;c:\users\dell\.dnx\bin;c:\program files\microsoft dnx\dnvm\;c:\program files\microsoft sql server\130\tools\binn\;c:\program files\intel\wifi\bin\;c:\program files\common files\intel\wirelesscommon\;c:\program files (x86)\microsoft sql server\client sdk\odbc\130\tools\binn\;c:\program files (x86)\microsoft sql server\130\tools\binn\;c:\program files (x86)\microsoft sql server\130\dts\binn\;c:\program files (x86)\microsoft sql server\130\tools\binn\managementstudio\;C:\Program Files (x86)\NVIDIA Corporation\PhysX\Common;C:\Users\DELL\AppData\Local\Programs\Python\Python36-32\Scripts\;C:\Users\DELL\AppData\Local\Programs\Python\Python36-32\;C:\Program Files\Intel\WiFi\bin\;C:\Program Files\Common Files\Intel\WirelessCommon\;E:\eclipse;]
20:43:44 **** Incremental Build of configuration Default for project ThreadsEx2 ****
make all 
Cannot run program "make": Launching failed

Error: Program "make" not found in PATH
PATH=[C:/Program Files/Java/jre1.8.0_131/bin/server;C:/Program Files/Java/jre1.8.0_131/bin;C:/Program Files/Java/jre1.8.0_131/lib/amd64;c:\programdata\oracle\java\javapath;c:\windows\system32;c:\windows;c:\windows\system32\wbem;c:\windows\system32\windowspowershell\v1.0\;c:\program files (x86)\skype\phone\;c:\users\dell\.dnx\bin;c:\program files\microsoft dnx\dnvm\;c:\program files\microsoft sql server\130\tools\binn\;c:\program files\intel\wifi\bin\;c:\program files\common files\intel\wirelesscommon\;c:\program files (x86)\microsoft sql server\client sdk\odbc\130\tools\binn\;c:\program files (x86)\microsoft sql server\130\tools\binn\;c:\program files (x86)\microsoft sql server\130\dts\binn\;c:\program files (x86)\microsoft sql server\130\tools\binn\managementstudio\;C:\Program Files (x86)\NVIDIA Corporation\PhysX\Common;C:\Users\DELL\AppData\Local\Programs\Python\Python36-32\Scripts\;C:\Users\DELL\AppData\Local\Programs\Python\Python36-32\;C:\Program Files\Intel\WiFi\bin\;C:\Program Files\Common Files\Intel\WirelessCommon\;E:\eclipse;]
20:44:46 **** Incremental Build of configuration Build (GNU) for project Homework ****
make all 
Cannot run program "make": Launching failed

Error: Program "make" not found in PATH
PATH=[C:/Program Files/Java/jre1.8.0_131/bin/server;C:/Program Files/Java/jre1.8.0_131/bin;C:/Program Files/Java/jre1.8.0_131/lib/amd64;c:\programdata\oracle\java\javapath;c:\windows\system32;c:\windows;c:\windows\system32\wbem;c:\windows\system32\windowspowershell\v1.0\;c:\program files (x86)\skype\phone\;c:\users\dell\.dnx\bin;c:\program files\microsoft dnx\dnvm\;c:\program files\microsoft sql server\130\tools\binn\;c:\program files\intel\wifi\bin\;c:\program files\common files\intel\wirelesscommon\;c:\program files (x86)\microsoft sql server\client sdk\odbc\130\tools\binn\;c:\program files (x86)\microsoft sql server\130\tools\binn\;c:\program files (x86)\microsoft sql server\130\dts\binn\;c:\program files (x86)\microsoft sql server\130\tools\binn\managementstudio\;C:\Program Files (x86)\NVIDIA Corporation\PhysX\Common;C:\Users\DELL\AppData\Local\Programs\Python\Python36-32\Scripts\;C:\Users\DELL\AppData\Local\Programs\Python\Python36-32\;C:\Program Files\Intel\WiFi\bin\;C:\Program Files\Common Files\Intel\WirelessCommon\;E:\eclipse;]
20:44:46 **** Incremental Build of configuration Default for project ThreadsEx2 ****
make all 
Cannot run program "make": Launching failed

Error: Program "make" not found in PATH
PATH=[C:/Program Files/Java/jre1.8.0_131/bin/server;C:/Program Files/Java/jre1.8.0_131/bin;C:/Program Files/Java/jre1.8.0_131/lib/amd64;c:\programdata\oracle\java\javapath;c:\windows\system32;c:\windows;c:\windows\system32\wbem;c:\windows\system32\windowspowershell\v1.0\;c:\program files (x86)\skype\phone\;c:\users\dell\.dnx\bin;c:\program files\microsoft dnx\dnvm\;c:\program files\microsoft sql server\130\tools\binn\;c:\program files\intel\wifi\bin\;c:\program files\common files\intel\wirelesscommon\;c:\program files (x86)\microsoft sql server\client sdk\odbc\130\tools\binn\;c:\program files (x86)\microsoft sql server\130\tools\binn\;c:\program files (x86)\microsoft sql server\130\dts\binn\;c:\program files (x86)\microsoft sql server\130\tools\binn\managementstudio\;C:\Program Files (x86)\NVIDIA Corporation\PhysX\Common;C:\Users\DELL\AppData\Local\Programs\Python\Python36-32\Scripts\;C:\Users\DELL\AppData\Local\Programs\Python\Python36-32\;C:\Program Files\Intel\WiFi\bin\;C:\Program Files\Common Files\Intel\WirelessCommon\;E:\eclipse;]
21:02:28 **** Incremental Build of configuration Build (GNU) for project Homework ****
make all 
Cannot run program "make": Launching failed

Error: Program "make" not found in PATH
PATH=[C:/Program Files/Java/jre1.8.0_131/bin/server;C:/Program Files/Java/jre1.8.0_131/bin;C:/Program Files/Java/jre1.8.0_131/lib/amd64;c:\programdata\oracle\java\javapath;c:\windows\system32;c:\windows;c:\windows\system32\wbem;c:\windows\system32\windowspowershell\v1.0\;c:\program files (x86)\skype\phone\;c:\users\dell\.dnx\bin;c:\program files\microsoft dnx\dnvm\;c:\program files\microsoft sql server\130\tools\binn\;c:\program files\intel\wifi\bin\;c:\program files\common files\intel\wirelesscommon\;c:\program files (x86)\microsoft sql server\client sdk\odbc\130\tools\binn\;c:\program files (x86)\microsoft sql server\130\tools\binn\;c:\program files (x86)\microsoft sql server\130\dts\binn\;c:\program files (x86)\microsoft sql server\130\tools\binn\managementstudio\;C:\Program Files (x86)\NVIDIA Corporation\PhysX\Common;C:\Users\DELL\AppData\Local\Programs\Python\Python36-32\Scripts\;C:\Users\DELL\AppData\Local\Programs\Python\Python36-32\;C:\Program Files\Intel\WiFi\bin\;C:\Program Files\Common Files\Intel\WirelessCommon\;E:\eclipse;]
21:02:28 **** Incremental Build of configuration Default for project ThreadsEx2 ****
make all 
Cannot run program "make": Launching failed

Error: Program "make" not found in PATH
PATH=[C:/Program Files/Java/jre1.8.0_131/bin/server;C:/Program Files/Java/jre1.8.0_131/bin;C:/Program Files/Java/jre1.8.0_131/lib/amd64;c:\programdata\oracle\java\javapath;c:\windows\system32;c:\windows;c:\windows\system32\wbem;c:\windows\system32\windowspowershell\v1.0\;c:\program files (x86)\skype\phone\;c:\users\dell\.dnx\bin;c:\program files\microsoft dnx\dnvm\;c:\program files\microsoft sql server\130\tools\binn\;c:\program files\intel\wifi\bin\;c:\program files\common files\intel\wirelesscommon\;c:\program files (x86)\microsoft sql server\client sdk\odbc\130\tools\binn\;c:\program files (x86)\microsoft sql server\130\tools\binn\;c:\program files (x86)\microsoft sql server\130\dts\binn\;c:\program files (x86)\microsoft sql server\130\tools\binn\managementstudio\;C:\Program Files (x86)\NVIDIA Corporation\PhysX\Common;C:\Users\DELL\AppData\Local\Programs\Python\Python36-32\Scripts\;C:\Users\DELL\AppData\Local\Programs\Python\Python36-32\;C:\Program Files\Intel\WiFi\bin\;C:\Program Files\Common Files\Intel\WirelessCommon\;E:\eclipse;]
21:02:58 **** Incremental Build of configuration Build (GNU) for project Homework ****
make all 
Cannot run program "make": Launching failed

Error: Program "make" not found in PATH
PATH=[C:/Program Files/Java/jre1.8.0_131/bin/server;C:/Program Files/Java/jre1.8.0_131/bin;C:/Program Files/Java/jre1.8.0_131/lib/amd64;c:\programdata\oracle\java\javapath;c:\windows\system32;c:\windows;c:\windows\system32\wbem;c:\windows\system32\windowspowershell\v1.0\;c:\program files (x86)\skype\phone\;c:\users\dell\.dnx\bin;c:\program files\microsoft dnx\dnvm\;c:\program files\microsoft sql server\130\tools\binn\;c:\program files\intel\wifi\bin\;c:\program files\common files\intel\wirelesscommon\;c:\program files (x86)\microsoft sql server\client sdk\odbc\130\tools\binn\;c:\program files (x86)\microsoft sql server\130\tools\binn\;c:\program files (x86)\microsoft sql server\130\dts\binn\;c:\program files (x86)\microsoft sql server\130\tools\binn\managementstudio\;C:\Program Files (x86)\NVIDIA Corporation\PhysX\Common;C:\Users\DELL\AppData\Local\Programs\Python\Python36-32\Scripts\;C:\Users\DELL\AppData\Local\Programs\Python\Python36-32\;C:\Program Files\Intel\WiFi\bin\;C:\Program Files\Common Files\Intel\WirelessCommon\;E:\eclipse;]
21:02:58 **** Incremental Build of configuration Default for project ThreadsEx2 ****
make all 
Cannot run program "make": Launching failed

Error: Program "make" not found in PATH
PATH=[C:/Program Files/Java/jre1.8.0_131/bin/server;C:/Program Files/Java/jre1.8.0_131/bin;C:/Program Files/Java/jre1.8.0_131/lib/amd64;c:\programdata\oracle\java\javapath;c:\windows\system32;c:\windows;c:\windows\system32\wbem;c:\windows\system32\windowspowershell\v1.0\;c:\program files (x86)\skype\phone\;c:\users\dell\.dnx\bin;c:\program files\microsoft dnx\dnvm\;c:\program files\microsoft sql server\130\tools\binn\;c:\program files\intel\wifi\bin\;c:\program files\common files\intel\wirelesscommon\;c:\program files (x86)\microsoft sql server\client sdk\odbc\130\tools\binn\;c:\program files (x86)\microsoft sql server\130\tools\binn\;c:\program files (x86)\microsoft sql server\130\dts\binn\;c:\program files (x86)\microsoft sql server\130\tools\binn\managementstudio\;C:\Program Files (x86)\NVIDIA Corporation\PhysX\Common;C:\Users\DELL\AppData\Local\Programs\Python\Python36-32\Scripts\;C:\Users\DELL\AppData\Local\Programs\Python\Python36-32\;C:\Program Files\Intel\WiFi\bin\;C:\Program Files\Common Files\Intel\WirelessCommon\;E:\eclipse;]
21:16:12 **** Incremental Build of configuration Build (GNU) for project Homework ****
make all 
Cannot run program "make": Launching failed

Error: Program "make" not found in PATH
PATH=[C:/Program Files/Java/jre1.8.0_131/bin/server;C:/Program Files/Java/jre1.8.0_131/bin;C:/Program Files/Java/jre1.8.0_131/lib/amd64;c:\programdata\oracle\java\javapath;c:\windows\system32;c:\windows;c:\windows\system32\wbem;c:\windows\system32\windowspowershell\v1.0\;c:\program files (x86)\skype\phone\;c:\users\dell\.dnx\bin;c:\program files\microsoft dnx\dnvm\;c:\program files\microsoft sql server\130\tools\binn\;c:\program files\intel\wifi\bin\;c:\program files\common files\intel\wirelesscommon\;c:\program files (x86)\microsoft sql server\client sdk\odbc\130\tools\binn\;c:\program files (x86)\microsoft sql server\130\tools\binn\;c:\program files (x86)\microsoft sql server\130\dts\binn\;c:\program files (x86)\microsoft sql server\130\tools\binn\managementstudio\;C:\Program Files (x86)\NVIDIA Corporation\PhysX\Common;C:\Users\DELL\AppData\Local\Programs\Python\Python36-32\Scripts\;C:\Users\DELL\AppData\Local\Programs\Python\Python36-32\;C:\Program Files\Intel\WiFi\bin\;C:\Program Files\Common Files\Intel\WirelessCommon\;E:\eclipse;]
21:16:12 **** Incremental Build of configuration Default for project ThreadsEx2 ****
make all 
Cannot run program "make": Launching failed

Error: Program "make" not found in PATH
PATH=[C:/Program Files/Java/jre1.8.0_131/bin/server;C:/Program Files/Java/jre1.8.0_131/bin;C:/Program Files/Java/jre1.8.0_131/lib/amd64;c:\programdata\oracle\java\javapath;c:\windows\system32;c:\windows;c:\windows\system32\wbem;c:\windows\system32\windowspowershell\v1.0\;c:\program files (x86)\skype\phone\;c:\users\dell\.dnx\bin;c:\program files\microsoft dnx\dnvm\;c:\program files\microsoft sql server\130\tools\binn\;c:\program files\intel\wifi\bin\;c:\program files\common files\intel\wirelesscommon\;c:\program files (x86)\microsoft sql server\client sdk\odbc\130\tools\binn\;c:\program files (x86)\microsoft sql server\130\tools\binn\;c:\program files (x86)\microsoft sql server\130\dts\binn\;c:\program files (x86)\microsoft sql server\130\tools\binn\managementstudio\;C:\Program Files (x86)\NVIDIA Corporation\PhysX\Common;C:\Users\DELL\AppData\Local\Programs\Python\Python36-32\Scripts\;C:\Users\DELL\AppData\Local\Programs\Python\Python36-32\;C:\Program Files\Intel\WiFi\bin\;C:\Program Files\Common Files\Intel\WirelessCommon\;E:\eclipse;]
21:28:40 **** Incremental Build of configuration Build (GNU) for project Homework ****
make all 
Cannot run program "make": Launching failed

Error: Program "make" not found in PATH
PATH=[C:/Program Files/Java/jre1.8.0_131/bin/server;C:/Program Files/Java/jre1.8.0_131/bin;C:/Program Files/Java/jre1.8.0_131/lib/amd64;c:\programdata\oracle\java\javapath;c:\windows\system32;c:\windows;c:\windows\system32\wbem;c:\windows\system32\windowspowershell\v1.0\;c:\program files (x86)\skype\phone\;c:\users\dell\.dnx\bin;c:\program files\microsoft dnx\dnvm\;c:\program files\microsoft sql server\130\tools\binn\;c:\program files\intel\wifi\bin\;c:\program files\common files\intel\wirelesscommon\;c:\program files (x86)\microsoft sql server\client sdk\odbc\130\tools\binn\;c:\program files (x86)\microsoft sql server\130\tools\binn\;c:\program files (x86)\microsoft sql server\130\dts\binn\;c:\program files (x86)\microsoft sql server\130\tools\binn\managementstudio\;C:\Program Files (x86)\NVIDIA Corporation\PhysX\Common;C:\Users\DELL\AppData\Local\Programs\Python\Python36-32\Scripts\;C:\Users\DELL\AppData\Local\Programs\Python\Python36-32\;C:\Program Files\Intel\WiFi\bin\;C:\Program Files\Common Files\Intel\WirelessCommon\;E:\eclipse;]
21:28:40 **** Incremental Build of configuration Default for project ThreadsEx2 ****
make all 
Cannot run program "make": Launching failed

Error: Program "make" not found in PATH
PATH=[C:/Program Files/Java/jre1.8.0_131/bin/server;C:/Program Files/Java/jre1.8.0_131/bin;C:/Program Files/Java/jre1.8.0_131/lib/amd64;c:\programdata\oracle\java\javapath;c:\windows\system32;c:\windows;c:\windows\system32\wbem;c:\windows\system32\windowspowershell\v1.0\;c:\program files (x86)\skype\phone\;c:\users\dell\.dnx\bin;c:\program files\microsoft dnx\dnvm\;c:\program files\microsoft sql server\130\tools\binn\;c:\program files\intel\wifi\bin\;c:\program files\common files\intel\wirelesscommon\;c:\program files (x86)\microsoft sql server\client sdk\odbc\130\tools\binn\;c:\program files (x86)\microsoft sql server\130\tools\binn\;c:\program files (x86)\microsoft sql server\130\dts\binn\;c:\program files (x86)\microsoft sql server\130\tools\binn\managementstudio\;C:\Program Files (x86)\NVIDIA Corporation\PhysX\Common;C:\Users\DELL\AppData\Local\Programs\Python\Python36-32\Scripts\;C:\Users\DELL\AppData\Local\Programs\Python\Python36-32\;C:\Program Files\Intel\WiFi\bin\;C:\Program Files\Common Files\Intel\WirelessCommon\;E:\eclipse;]
21:30:39 **** Incremental Build of configuration Build (GNU) for project Homework ****
make all 
Cannot run program "make": Launching failed

Error: Program "make" not found in PATH
PATH=[C:/Program Files/Java/jre1.8.0_131/bin/server;C:/Program Files/Java/jre1.8.0_131/bin;C:/Program Files/Java/jre1.8.0_131/lib/amd64;c:\programdata\oracle\java\javapath;c:\windows\system32;c:\windows;c:\windows\system32\wbem;c:\windows\system32\windowspowershell\v1.0\;c:\program files (x86)\skype\phone\;c:\users\dell\.dnx\bin;c:\program files\microsoft dnx\dnvm\;c:\program files\microsoft sql server\130\tools\binn\;c:\program files\intel\wifi\bin\;c:\program files\common files\intel\wirelesscommon\;c:\program files (x86)\microsoft sql server\client sdk\odbc\130\tools\binn\;c:\program files (x86)\microsoft sql server\130\tools\binn\;c:\program files (x86)\microsoft sql server\130\dts\binn\;c:\program files (x86)\microsoft sql server\130\tools\binn\managementstudio\;C:\Program Files (x86)\NVIDIA Corporation\PhysX\Common;C:\Users\DELL\AppData\Local\Programs\Python\Python36-32\Scripts\;C:\Users\DELL\AppData\Local\Programs\Python\Python36-32\;C:\Program Files\Intel\WiFi\bin\;C:\Program Files\Common Files\Intel\WirelessCommon\;E:\eclipse;]
21:30:39 **** Incremental Build of configuration Default for project ThreadsEx2 ****
make all 
Cannot run program "make": Launching failed

Error: Program "make" not found in PATH
PATH=[C:/Program Files/Java/jre1.8.0_131/bin/server;C:/Program Files/Java/jre1.8.0_131/bin;C:/Program Files/Java/jre1.8.0_131/lib/amd64;c:\programdata\oracle\java\javapath;c:\windows\system32;c:\windows;c:\windows\system32\wbem;c:\windows\system32\windowspowershell\v1.0\;c:\program files (x86)\skype\phone\;c:\users\dell\.dnx\bin;c:\program files\microsoft dnx\dnvm\;c:\program files\microsoft sql server\130\tools\binn\;c:\program files\intel\wifi\bin\;c:\program files\common files\intel\wirelesscommon\;c:\program files (x86)\microsoft sql server\client sdk\odbc\130\tools\binn\;c:\program files (x86)\microsoft sql server\130\tools\binn\;c:\program files (x86)\microsoft sql server\130\dts\binn\;c:\program files (x86)\microsoft sql server\130\tools\binn\managementstudio\;C:\Program Files (x86)\NVIDIA Corporation\PhysX\Common;C:\Users\DELL\AppData\Local\Programs\Python\Python36-32\Scripts\;C:\Users\DELL\AppData\Local\Programs\Python\Python36-32\;C:\Program Files\Intel\WiFi\bin\;C:\Program Files\Common Files\Intel\WirelessCommon\;E:\eclipse;]
21:34:38 **** Incremental Build of configuration Build (GNU) for project Homework ****
make all 
Cannot run program "make": Launching failed

Error: Program "make" not found in PATH
PATH=[C:/Program Files/Java/jre1.8.0_131/bin/server;C:/Program Files/Java/jre1.8.0_131/bin;C:/Program Files/Java/jre1.8.0_131/lib/amd64;c:\programdata\oracle\java\javapath;c:\windows\system32;c:\windows;c:\windows\system32\wbem;c:\windows\system32\windowspowershell\v1.0\;c:\program files (x86)\skype\phone\;c:\users\dell\.dnx\bin;c:\program files\microsoft dnx\dnvm\;c:\program files\microsoft sql server\130\tools\binn\;c:\program files\intel\wifi\bin\;c:\program files\common files\intel\wirelesscommon\;c:\program files (x86)\microsoft sql server\client sdk\odbc\130\tools\binn\;c:\program files (x86)\microsoft sql server\130\tools\binn\;c:\program files (x86)\microsoft sql server\130\dts\binn\;c:\program files (x86)\microsoft sql server\130\tools\binn\managementstudio\;C:\Program Files (x86)\NVIDIA Corporation\PhysX\Common;C:\Users\DELL\AppData\Local\Programs\Python\Python36-32\Scripts\;C:\Users\DELL\AppData\Local\Programs\Python\Python36-32\;C:\Program Files\Intel\WiFi\bin\;C:\Program Files\Common Files\Intel\WirelessCommon\;E:\eclipse;]
21:34:38 **** Incremental Build of configuration Default for project ThreadsEx2 ****
make all 
Cannot run program "make": Launching failed

Error: Program "make" not found in PATH
PATH=[C:/Program Files/Java/jre1.8.0_131/bin/server;C:/Program Files/Java/jre1.8.0_131/bin;C:/Program Files/Java/jre1.8.0_131/lib/amd64;c:\programdata\oracle\java\javapath;c:\windows\system32;c:\windows;c:\windows\system32\wbem;c:\windows\system32\windowspowershell\v1.0\;c:\program files (x86)\skype\phone\;c:\users\dell\.dnx\bin;c:\program files\microsoft dnx\dnvm\;c:\program files\microsoft sql server\130\tools\binn\;c:\program files\intel\wifi\bin\;c:\program files\common files\intel\wirelesscommon\;c:\program files (x86)\microsoft sql server\client sdk\odbc\130\tools\binn\;c:\program files (x86)\microsoft sql server\130\tools\binn\;c:\program files (x86)\microsoft sql server\130\dts\binn\;c:\program files (x86)\microsoft sql server\130\tools\binn\managementstudio\;C:\Program Files (x86)\NVIDIA Corporation\PhysX\Common;C:\Users\DELL\AppData\Local\Programs\Python\Python36-32\Scripts\;C:\Users\DELL\AppData\Local\Programs\Python\Python36-32\;C:\Program Files\Intel\WiFi\bin\;C:\Program Files\Common Files\Intel\WirelessCommon\;E:\eclipse;]
21:34:55 **** Incremental Build of configuration Build (GNU) for project Homework ****
make all 
Cannot run program "make": Launching failed

Error: Program "make" not found in PATH
PATH=[C:/Program Files/Java/jre1.8.0_131/bin/server;C:/Program Files/Java/jre1.8.0_131/bin;C:/Program Files/Java/jre1.8.0_131/lib/amd64;c:\programdata\oracle\java\javapath;c:\windows\system32;c:\windows;c:\windows\system32\wbem;c:\windows\system32\windowspowershell\v1.0\;c:\program files (x86)\skype\phone\;c:\users\dell\.dnx\bin;c:\program files\microsoft dnx\dnvm\;c:\program files\microsoft sql server\130\tools\binn\;c:\program files\intel\wifi\bin\;c:\program files\common files\intel\wirelesscommon\;c:\program files (x86)\microsoft sql server\client sdk\odbc\130\tools\binn\;c:\program files (x86)\microsoft sql server\130\tools\binn\;c:\program files (x86)\microsoft sql server\130\dts\binn\;c:\program files (x86)\microsoft sql server\130\tools\binn\managementstudio\;C:\Program Files (x86)\NVIDIA Corporation\PhysX\Common;C:\Users\DELL\AppData\Local\Programs\Python\Python36-32\Scripts\;C:\Users\DELL\AppData\Local\Programs\Python\Python36-32\;C:\Program Files\Intel\WiFi\bin\;C:\Program Files\Common Files\Intel\WirelessCommon\;E:\eclipse;]
21:34:55 **** Incremental Build of configuration Default for project ThreadsEx2 ****
make all 
Cannot run program "make": Launching failed

Error: Program "make" not found in PATH
PATH=[C:/Program Files/Java/jre1.8.0_131/bin/server;C:/Program Files/Java/jre1.8.0_131/bin;C:/Program Files/Java/jre1.8.0_131/lib/amd64;c:\programdata\oracle\java\javapath;c:\windows\system32;c:\windows;c:\windows\system32\wbem;c:\windows\system32\windowspowershell\v1.0\;c:\program files (x86)\skype\phone\;c:\users\dell\.dnx\bin;c:\program files\microsoft dnx\dnvm\;c:\program files\microsoft sql server\130\tools\binn\;c:\program files\intel\wifi\bin\;c:\program files\common files\intel\wirelesscommon\;c:\program files (x86)\microsoft sql server\client sdk\odbc\130\tools\binn\;c:\program files (x86)\microsoft sql server\130\tools\binn\;c:\program files (x86)\microsoft sql server\130\dts\binn\;c:\program files (x86)\microsoft sql server\130\tools\binn\managementstudio\;C:\Program Files (x86)\NVIDIA Corporation\PhysX\Common;C:\Users\DELL\AppData\Local\Programs\Python\Python36-32\Scripts\;C:\Users\DELL\AppData\Local\Programs\Python\Python36-32\;C:\Program Files\Intel\WiFi\bin\;C:\Program Files\Common Files\Intel\WirelessCommon\;E:\eclipse;]
21:39:13 **** Incremental Build of configuration Build (GNU) for project Homework ****
make all 
Cannot run program "make": Launching failed

Error: Program "make" not found in PATH
PATH=[C:/Program Files/Java/jre1.8.0_131/bin/server;C:/Program Files/Java/jre1.8.0_131/bin;C:/Program Files/Java/jre1.8.0_131/lib/amd64;c:\programdata\oracle\java\javapath;c:\windows\system32;c:\windows;c:\windows\system32\wbem;c:\windows\system32\windowspowershell\v1.0\;c:\program files (x86)\skype\phone\;c:\users\dell\.dnx\bin;c:\program files\microsoft dnx\dnvm\;c:\program files\microsoft sql server\130\tools\binn\;c:\program files\intel\wifi\bin\;c:\program files\common files\intel\wirelesscommon\;c:\program files (x86)\microsoft sql server\client sdk\odbc\130\tools\binn\;c:\program files (x86)\microsoft sql server\130\tools\binn\;c:\program files (x86)\microsoft sql server\130\dts\binn\;c:\program files (x86)\microsoft sql server\130\tools\binn\managementstudio\;C:\Program Files (x86)\NVIDIA Corporation\PhysX\Common;C:\Users\DELL\AppData\Local\Programs\Python\Python36-32\Scripts\;C:\Users\DELL\AppData\Local\Programs\Python\Python36-32\;C:\Program Files\Intel\WiFi\bin\;C:\Program Files\Common Files\Intel\WirelessCommon\;E:\eclipse;]
21:39:13 **** Incremental Build of configuration Default for project ThreadsEx2 ****
make all 
Cannot run program "make": Launching failed

Error: Program "make" not found in PATH
PATH=[C:/Program Files/Java/jre1.8.0_131/bin/server;C:/Program Files/Java/jre1.8.0_131/bin;C:/Program Files/Java/jre1.8.0_131/lib/amd64;c:\programdata\oracle\java\javapath;c:\windows\system32;c:\windows;c:\windows\system32\wbem;c:\windows\system32\windowspowershell\v1.0\;c:\program files (x86)\skype\phone\;c:\users\dell\.dnx\bin;c:\program files\microsoft dnx\dnvm\;c:\program files\microsoft sql server\130\tools\binn\;c:\program files\intel\wifi\bin\;c:\program files\common files\intel\wirelesscommon\;c:\program files (x86)\microsoft sql server\client sdk\odbc\130\tools\binn\;c:\program files (x86)\microsoft sql server\130\tools\binn\;c:\program files (x86)\microsoft sql server\130\dts\binn\;c:\program files (x86)\microsoft sql server\130\tools\binn\managementstudio\;C:\Program Files (x86)\NVIDIA Corporation\PhysX\Common;C:\Users\DELL\AppData\Local\Programs\Python\Python36-32\Scripts\;C:\Users\DELL\AppData\Local\Programs\Python\Python36-32\;C:\Program Files\Intel\WiFi\bin\;C:\Program Files\Common Files\Intel\WirelessCommon\;E:\eclipse;]
21:39:48 **** Incremental Build of configuration Build (GNU) for project Homework ****
make all 
Cannot run program "make": Launching failed

Error: Program "make" not found in PATH
PATH=[C:/Program Files/Java/jre1.8.0_131/bin/server;C:/Program Files/Java/jre1.8.0_131/bin;C:/Program Files/Java/jre1.8.0_131/lib/amd64;c:\programdata\oracle\java\javapath;c:\windows\system32;c:\windows;c:\windows\system32\wbem;c:\windows\system32\windowspowershell\v1.0\;c:\program files (x86)\skype\phone\;c:\users\dell\.dnx\bin;c:\program files\microsoft dnx\dnvm\;c:\program files\microsoft sql server\130\tools\binn\;c:\program files\intel\wifi\bin\;c:\program files\common files\intel\wirelesscommon\;c:\program files (x86)\microsoft sql server\client sdk\odbc\130\tools\binn\;c:\program files (x86)\microsoft sql server\130\tools\binn\;c:\program files (x86)\microsoft sql server\130\dts\binn\;c:\program files (x86)\microsoft sql server\130\tools\binn\managementstudio\;C:\Program Files (x86)\NVIDIA Corporation\PhysX\Common;C:\Users\DELL\AppData\Local\Programs\Python\Python36-32\Scripts\;C:\Users\DELL\AppData\Local\Programs\Python\Python36-32\;C:\Program Files\Intel\WiFi\bin\;C:\Program Files\Common Files\Intel\WirelessCommon\;E:\eclipse;]
21:39:48 **** Incremental Build of configuration Default for project ThreadsEx2 ****
make all 
Cannot run program "make": Launching failed

Error: Program "make" not found in PATH
PATH=[C:/Program Files/Java/jre1.8.0_131/bin/server;C:/Program Files/Java/jre1.8.0_131/bin;C:/Program Files/Java/jre1.8.0_131/lib/amd64;c:\programdata\oracle\java\javapath;c:\windows\system32;c:\windows;c:\windows\system32\wbem;c:\windows\system32\windowspowershell\v1.0\;c:\program files (x86)\skype\phone\;c:\users\dell\.dnx\bin;c:\program files\microsoft dnx\dnvm\;c:\program files\microsoft sql server\130\tools\binn\;c:\program files\intel\wifi\bin\;c:\program files\common files\intel\wirelesscommon\;c:\program files (x86)\microsoft sql server\client sdk\odbc\130\tools\binn\;c:\program files (x86)\microsoft sql server\130\tools\binn\;c:\program files (x86)\microsoft sql server\130\dts\binn\;c:\program files (x86)\microsoft sql server\130\tools\binn\managementstudio\;C:\Program Files (x86)\NVIDIA Corporation\PhysX\Common;C:\Users\DELL\AppData\Local\Programs\Python\Python36-32\Scripts\;C:\Users\DELL\AppData\Local\Programs\Python\Python36-32\;C:\Program Files\Intel\WiFi\bin\;C:\Program Files\Common Files\Intel\WirelessCommon\;E:\eclipse;]
